[16:36:22] [main/DEBUG] [FML/]: Injecting tracing printstreams for STDOUT/STDERR.
[16:36:22] [main/INFO] [FML/]: Forge Mod Loader version 7.99.36.1558 for Minecraft 1.7.10 loading
[16:36:22] [main/INFO] [FML/]: Java is Java HotSpot(TM) 64-Bit Server VM, version 1.8.0_91, running on Windows 8.1:amd64:6.3, installed at C:\Program Files\Java\jre1.8.0_91
[16:36:22] [main/DEBUG] [FML/]: Java classpath at launch is forge.jar
[16:36:22] [main/DEBUG] [FML/]: Java library path at launch is C:\ProgramData\Oracle\Java\javapath;C:\Windows\Sun\Java\bin;C:\Windows\system32;C:\Windows;C:\ProgramData\Oracle\Java\javapath;C:\Program Files (x86)\NVIDIA Corporation\PhysX\Common;C:\Program Files (x86)\Intel\iCLS Client\;C:\Program Files\Intel\iCLS Client\;C:\Windows\system32;C:\Windows;C:\Windows\System32\Wbem;C:\Windows\System32\WindowsPowerShell\v1.0\;C:\Program Files (x86)\ATI Technologies\ATI.ACE\Core-Static;C:\Program Files\Intel\Intel(R) Management Engine Components\DAL;C:\Program Files (x86)\Intel\Intel(R) Management Engine Components\DAL;C:\Program Files\Intel\Intel(R) Management Engine Components\IPT;C:\Program Files (x86)\Intel\Intel(R) Management Engine Components\IPT;C:\Program Files (x86)\AMD\ATI.ACE\Core-Static;C:\Program Files\Git\cmd;.
[16:36:22] [main/DEBUG] [FML/]: Enabling runtime deobfuscation
[16:36:22] [main/DEBUG] [FML/]: Instantiating coremod class FMLCorePlugin
[16:36:22] [main/DEBUG] [FML/]: Added access transformer class cpw.mods.fml.common.asm.transformers.AccessTransformer to enqueued access transformers
[16:36:22] [main/DEBUG] [FML/]: Enqueued coremod FMLCorePlugin
[16:36:22] [main/DEBUG] [FML/]: Instantiating coremod class FMLForgePlugin
[16:36:22] [main/DEBUG] [FML/]: Added access transformer class net.minecraftforge.transformers.ForgeAccessTransformer to enqueued access transformers
[16:36:22] [main/DEBUG] [FML/]: Enqueued coremod FMLForgePlugin
[16:36:22] [main/DEBUG] [FML/]: All fundamental core mods are successfully located
[16:36:22] [main/DEBUG] [FML/]: Attempting to load commandline specified mods, relative to C:\Users\Foster\Desktop\Server\.
[16:36:22] [main/DEBUG] [FML/]: Discovering coremods
[16:36:22] [main/DEBUG] [FML/]: Examining for coremod candidacy ArchimedesShips-1.7.1.jar
[16:36:22] [main/DEBUG] [FML/]: Not found coremod data in ArchimedesShips-1.7.1.jar
[16:36:22] [main/DEBUG] [FML/]: Examining for coremod candidacy Archmagus-1.7.10-0.7.0.jar
[16:36:22] [main/DEBUG] [FML/]: Not found coremod data in Archmagus-1.7.10-0.7.0.jar
[16:36:22] [main/DEBUG] [FML/]: Examining for coremod candidacy Baubles-1.7.10-1.0.1.10.jar
[16:36:22] [main/DEBUG] [FML/]: Not found coremod data in Baubles-1.7.10-1.0.1.10.jar
[16:36:22] [main/DEBUG] [FML/]: Examining for coremod candidacy BiomesOPlenty-1.7.10-2.1.0.1396-universal.jar
[16:36:22] [main/DEBUG] [FML/]: Not found coremod data in BiomesOPlenty-1.7.10-2.1.0.1396-universal.jar
[16:36:22] [main/DEBUG] [FML/]: Examining for coremod candidacy Botania r1.8-249.jar
[16:36:22] [main/DEBUG] [FML/]: Not found coremod data in Botania r1.8-249.jar
[16:36:22] [main/DEBUG] [FML/]: Examining for coremod candidacy Brewing-API-1.7.2-1.2.0.jar
[16:36:22] [main/DEBUG] [FML/]: Not found coremod data in Brewing-API-1.7.2-1.2.0.jar
[16:36:22] [main/DEBUG] [FML/]: Examining for coremod candidacy buildcraft-7.1.16.jar
[16:36:22] [main/DEBUG] [FML/]: Not found coremod data in buildcraft-7.1.16.jar
[16:36:22] [main/DEBUG] [FML/]: Examining for coremod candidacy CodingLib-0.0.3b26-universal.jar
[16:36:22] [main/DEBUG] [FML/]: Not found coremod data in CodingLib-0.0.3b26-universal.jar
[16:36:22] [main/DEBUG] [FML/]: Examining for coremod candidacy CoFHCore-[1.7.10]3.1.2-325.jar
[16:36:22] [main/TRACE] [FML/]: Found FMLCorePluginContainsFMLMod marker in CoFHCore-[1.7.10]3.1.2-325.jar, it will be examined later for regular @Mod instances
[16:36:22] [main/DEBUG] [FML/]: Instantiating coremod class LoadingPlugin
[16:36:22] [main/WARN] [FML/]: The coremod cofh.asm.LoadingPlugin does not have a MCVersion annotation, it may cause issues with this version of Minecraft
[16:36:22] [main/DEBUG] [FML/]: Added access transformer class cofh.asm.CoFHAccessTransformer to enqueued access transformers
[16:36:22] [main/DEBUG] [FML/]: Enqueued coremod LoadingPlugin
[16:36:22] [main/DEBUG] [FML/]: Examining for coremod candidacy CraftGuide-1.6.8.2-forge.jar
[16:36:22] [main/DEBUG] [FML/]: Not found coremod data in CraftGuide-1.6.8.2-forge.jar
[16:36:22] [main/DEBUG] [FML/]: Examining for coremod candidacy CyanosLootableBodies-1.7.10-backport_1.3.7.jar
[16:36:22] [main/DEBUG] [FML/]: Not found coremod data in CyanosLootableBodies-1.7.10-backport_1.3.7.jar
[16:36:22] [main/DEBUG] [FML/]: Examining for coremod candidacy Decocraft-2.2.1_1.7.10.jar
[16:36:22] [main/DEBUG] [FML/]: Not found coremod data in Decocraft-2.2.1_1.7.10.jar
[16:36:22] [main/DEBUG] [FML/]: Examining for coremod candidacy DynamicLights-1.7.10.jar
[16:36:22] [main/TRACE] [FML/]: Found FMLCorePluginContainsFMLMod marker in DynamicLights-1.7.10.jar, it will be examined later for regular @Mod instances
[16:36:22] [main/DEBUG] [FML/]: Instantiating coremod class DLFMLCorePlugin
[16:36:22] [main/WARN] [FML/]: The coremod atomicstryker.dynamiclights.common.DLFMLCorePlugin does not have a MCVersion annotation, it may cause issues with this version of Minecraft
[16:36:22] [main/DEBUG] [FML/]: Enqueued coremod DLFMLCorePlugin
[16:36:22] [main/DEBUG] [FML/]: Examining for coremod candidacy fastcraft-1.23.jar
[16:36:22] [main/INFO] [FML/]: Loading tweaker fastcraft.Tweaker from fastcraft-1.23.jar
[16:36:22] [main/DEBUG] [FML/]: Examining for coremod candidacy Forbidden Magic-1.7.10-0.574.jar
[16:36:22] [main/DEBUG] [FML/]: Not found coremod data in Forbidden Magic-1.7.10-0.574.jar
[16:36:22] [main/DEBUG] [FML/]: Examining for coremod candidacy forestry_1.7.10-4.2.2.50.jar
[16:36:22] [main/INFO] [FML/]: Loading tweaker forestry.shade.javacheck.Java7Checker from forestry_1.7.10-4.2.2.50.jar
[16:36:22] [main/DEBUG] [FML/]: Examining for coremod candidacy Fossils_Archeology_Revival-1.7.10_Build-7.2.1.jar
[16:36:22] [main/DEBUG] [FML/]: Not found coremod data in Fossils_Archeology_Revival-1.7.10_Build-7.2.1.jar
[16:36:22] [main/DEBUG] [FML/]: Examining for coremod candidacy Galacticraft-Planets-1.7-3.0.12.375.jar
[16:36:22] [main/DEBUG] [FML/]: Not found coremod data in Galacticraft-Planets-1.7-3.0.12.375.jar
[16:36:22] [main/DEBUG] [FML/]: Examining for coremod candidacy GalacticraftCore-1.7-3.0.12.375.jar
[16:36:22] [main/DEBUG] [FML/]: Not found coremod data in GalacticraftCore-1.7-3.0.12.375.jar
[16:36:22] [main/DEBUG] [FML/]: Examining for coremod candidacy Guide-API-1.7.10-1.0.1-20.jar
[16:36:22] [main/DEBUG] [FML/]: Not found coremod data in Guide-API-1.7.10-1.0.1-20.jar
[16:36:22] [main/DEBUG] [FML/]: Examining for coremod candidacy Headcrumbs-1.7.4.jar
[16:36:22] [main/DEBUG] [FML/]: Not found coremod data in Headcrumbs-1.7.4.jar
[16:36:22] [main/DEBUG] [FML/]: Examining for coremod candidacy ICBM-1.7.10-2.10.0b113-dev-universal.jar
[16:36:22] [main/DEBUG] [FML/]: Not found coremod data in ICBM-1.7.10-2.10.0b113-dev-universal.jar
[16:36:22] [main/DEBUG] [FML/]: Examining for coremod candidacy Industrial-Craft-2-Mod-Experimental-1.7.10.jar
[16:36:22] [main/TRACE] [FML/]: Found FMLCorePluginContainsFMLMod marker in Industrial-Craft-2-Mod-Experimental-1.7.10.jar, it will be examined later for regular @Mod instances
[16:36:22] [main/DEBUG] [FML/]: Instantiating coremod class IC2core
[16:36:22] [main/WARN] [FML/]: The coremod ic2.core.coremod.IC2core does not have a MCVersion annotation, it may cause issues with this version of Minecraft
[16:36:23] [main/DEBUG] [FML/]: Enqueued coremod IC2core
[16:36:23] [main/DEBUG] [FML/]: Examining for coremod candidacy InventoryTweaks-1.59-dev-152.jar
[16:36:23] [main/TRACE] [FML/]: Found FMLCorePluginContainsFMLMod marker in InventoryTweaks-1.59-dev-152.jar, it will be examined later for regular @Mod instances
[16:36:23] [main/DEBUG] [FML/]: Instantiating coremod class FMLPlugin
[16:36:23] [main/WARN] [FML/]: The coremod invtweaks.forge.asm.FMLPlugin does not have a MCVersion annotation, it may cause issues with this version of Minecraft
[16:36:23] [main/DEBUG] [FML/]: Added access transformer class invtweaks.forge.asm.ITAccessTransformer to enqueued access transformers
[16:36:23] [main/DEBUG] [FML/]: Enqueued coremod FMLPlugin
[16:36:23] [main/DEBUG] [FML/]: Examining for coremod candidacy journeymap-1.7.10-5.1.4-unlimited.jar
[16:36:23] [main/DEBUG] [FML/]: Not found coremod data in journeymap-1.7.10-5.1.4-unlimited.jar
[16:36:23] [main/DEBUG] [FML/]: Examining for coremod candidacy LagBGon-0.1.2.jar
[16:36:23] [main/DEBUG] [FML/]: Not found coremod data in LagBGon-0.1.2.jar
[16:36:23] [main/DEBUG] [FML/]: Examining for coremod candidacy Level-Up-Mod-1.7.10.jar
[16:36:23] [main/DEBUG] [FML/]: Not found coremod data in Level-Up-Mod-1.7.10.jar
[16:36:23] [main/DEBUG] [FML/]: Examining for coremod candidacy Mantle-1.7.10-0.3.2b.jar
[16:36:23] [main/DEBUG] [FML/]: Not found coremod data in Mantle-1.7.10-0.3.2b.jar
[16:36:23] [main/DEBUG] [FML/]: Examining for coremod candidacy MCA-1.7.10-5.1.2-universal.jar
[16:36:23] [main/DEBUG] [FML/]: Not found coremod data in MCA-1.7.10-5.1.2-universal.jar
[16:36:23] [main/DEBUG] [FML/]: Examining for coremod candidacy MicdoodleCore-1.7-3.0.12.375.jar
[16:36:23] [main/TRACE] [FML/]: Adding MicdoodleCore-1.7-3.0.12.375.jar to the list of known coremods, it will not be examined again
[16:36:23] [main/DEBUG] [FML/]: Instantiating coremod class MicdoodlePlugin
[16:36:23] [main/WARN] [FML/]: The coremod micdoodle8.mods.miccore.MicdoodlePlugin does not have a MCVersion annotation, it may cause issues with this version of Minecraft
[16:36:23] [main/INFO] [STDOUT/]: [micdoodle8.mods.miccore.DepLoader$DepLoadInst:<init>:333]: MicdoodleCore searching for dependencies in mods file: C:\Users\Foster\Desktop\Server\.\mods
[16:36:23] [main/DEBUG] [FML/]: Added access transformer class micdoodle8.mods.miccore.MicdoodleAccessTransformer to enqueued access transformers
[16:36:23] [main/DEBUG] [FML/]: Enqueued coremod MicdoodlePlugin
[16:36:23] [main/DEBUG] [FML/]: Examining for coremod candidacy millenaire-6.0.0.jar
[16:36:23] [main/DEBUG] [FML/]: Not found coremod data in millenaire-6.0.0.jar
[16:36:23] [main/DEBUG] [FML/]: Examining for coremod candidacy Necromancy-1.7.10.jar
[16:36:23] [main/DEBUG] [FML/]: Not found coremod data in Necromancy-1.7.10.jar
[16:36:23] [main/DEBUG] [FML/]: Examining for coremod candidacy NetherOres-[1.7.10]2.3.1-22.jar
[16:36:23] [main/DEBUG] [FML/]: Not found coremod data in NetherOres-[1.7.10]2.3.1-22.jar
[16:36:23] [main/DEBUG] [FML/]: Examining for coremod candidacy OpenModularTurrets-1.7.10-2.1.9-211.jar
[16:36:23] [main/DEBUG] [FML/]: Not found coremod data in OpenModularTurrets-1.7.10-2.1.9-211.jar
[16:36:23] [main/DEBUG] [FML/]: Examining for coremod candidacy RadixCore-1.7.10-2.1.1-universal.jar
[16:36:23] [main/DEBUG] [FML/]: Not found coremod data in RadixCore-1.7.10-2.1.1-universal.jar
[16:36:23] [main/DEBUG] [FML/]: Examining for coremod candidacy Railcraft_1.7.10-9.10.0.0.jar
[16:36:23] [main/DEBUG] [FML/]: Not found coremod data in Railcraft_1.7.10-9.10.0.0.jar
[16:36:23] [main/DEBUG] [FML/]: Examining for coremod candidacy RedstoneArsenal-[1.7.10]1.1.1-89.jar
[16:36:23] [main/DEBUG] [FML/]: Not found coremod data in RedstoneArsenal-[1.7.10]1.1.1-89.jar
[16:36:23] [main/DEBUG] [FML/]: Examining for coremod candidacy roguelike-1.7.10-1.5.0b.jar
[16:36:23] [main/DEBUG] [FML/]: Not found coremod data in roguelike-1.7.10-1.5.0b.jar
[16:36:23] [main/DEBUG] [FML/]: Examining for coremod candidacy Sanguimancy-1.7.10-1.1.9-34.jar
[16:36:23] [main/DEBUG] [FML/]: Not found coremod data in Sanguimancy-1.7.10-1.1.9-34.jar
[16:36:23] [main/DEBUG] [FML/]: Examining for coremod candidacy StorageDrawers-1.7.10-1.9.7.jar
[16:36:23] [main/DEBUG] [FML/]: Not found coremod data in StorageDrawers-1.7.10-1.9.7.jar
[16:36:23] [main/DEBUG] [FML/]: Examining for coremod candidacy Talismans2-1.7.10-1.1.6.jar
[16:36:23] [main/DEBUG] [FML/]: Not found coremod data in Talismans2-1.7.10-1.1.6.jar
[16:36:23] [main/DEBUG] [FML/]: Examining for coremod candidacy TConstruct-1.7.10-1.8.8 (1).jar
[16:36:23] [main/DEBUG] [FML/]: Not found coremod data in TConstruct-1.7.10-1.8.8 (1).jar
[16:36:23] [main/DEBUG] [FML/]: Examining for coremod candidacy Thaumcraft-1.7.10-4.2.3.5.jar
[16:36:23] [main/TRACE] [FML/]: Found FMLCorePluginContainsFMLMod marker in Thaumcraft-1.7.10-4.2.3.5.jar, it will be examined later for regular @Mod instances
[16:36:23] [main/DEBUG] [FML/]: Instantiating coremod class DepLoader
[16:36:23] [main/WARN] [FML/]: The coremod thaumcraft.codechicken.core.launch.DepLoader does not have a MCVersion annotation, it may cause issues with this version of Minecraft
[16:36:23] [main/DEBUG] [FML/]: Enqueued coremod DepLoader
[16:36:23] [main/DEBUG] [FML/]: Examining for coremod candidacy ThermalDynamics-[1.7.10]1.1.0-161.jar
[16:36:23] [main/DEBUG] [FML/]: Not found coremod data in ThermalDynamics-[1.7.10]1.1.0-161.jar
[16:36:23] [main/DEBUG] [FML/]: Examining for coremod candidacy ThermalExpansion-[1.7.10]4.1.2-240.jar
[16:36:23] [main/DEBUG] [FML/]: Not found coremod data in ThermalExpansion-[1.7.10]4.1.2-240.jar
[16:36:23] [main/DEBUG] [FML/]: Examining for coremod candidacy ThermalFoundation-[1.7.10]1.2.3-112.jar
[16:36:23] [main/DEBUG] [FML/]: Not found coremod data in ThermalFoundation-[1.7.10]1.2.3-112.jar
[16:36:23] [main/DEBUG] [FML/]: Examining for coremod candidacy VoltzEngine-1.7.10-0.13.4b117-dev-universal.jar
[16:36:23] [main/TRACE] [FML/]: Found FMLCorePluginContainsFMLMod marker in VoltzEngine-1.7.10-0.13.4b117-dev-universal.jar, it will be examined later for regular @Mod instances
[16:36:23] [main/DEBUG] [FML/]: Instantiating coremod class EngineCoreMod
[16:36:23] [main/DEBUG] [FML/]: The coremod com.builtbroken.mc.core.EngineCoreMod requested minecraft version 1.7.10 and minecraft is 1.7.10. It will be loaded.
[16:36:23] [main/DEBUG] [FML/]: Enqueued coremod EngineCoreMod
[16:36:23] [main/DEBUG] [FML/]: Examining for coremod candidacy Waila-1.5.10_1.7.10.jar
[16:36:23] [main/DEBUG] [FML/]: Not found coremod data in Waila-1.5.10_1.7.10.jar
[16:36:23] [main/DEBUG] [FML/]: Examining for coremod candidacy Wawla-1.3.3-1.7.10.jar
[16:36:23] [main/DEBUG] [FML/]: Not found coremod data in Wawla-1.3.3-1.7.10.jar
[16:36:23] [main/DEBUG] [FML/]: Examining for coremod candidacy weaponmod-1.14.3.jar
[16:36:23] [main/DEBUG] [FML/]: Not found coremod data in weaponmod-1.14.3.jar
[16:36:23] [main/DEBUG] [FML/]: Examining for coremod candidacy witchery-1.7.10-0.24.1.jar
[16:36:23] [main/DEBUG] [FML/]: Not found coremod data in witchery-1.7.10-0.24.1.jar
[16:36:23] [main/INFO] [LaunchWrapper/]: Loading tweak class name cpw.mods.fml.common.launcher.FMLInjectionAndSortingTweaker
[16:36:23] [main/INFO] [LaunchWrapper/]: Loading tweak class name fastcraft.Tweaker
[16:36:23] [main/INFO] [LaunchWrapper/]: Loading tweak class name forestry.shade.javacheck.Java7Checker
[16:36:23] [main/INFO] [LaunchWrapper/]: Loading tweak class name cpw.mods.fml.common.launcher.FMLDeobfTweaker
[16:36:23] [main/INFO] [LaunchWrapper/]: Calling tweak class cpw.mods.fml.common.launcher.FMLInjectionAndSortingTweaker
[16:36:23] [main/INFO] [LaunchWrapper/]: Calling tweak class cpw.mods.fml.common.launcher.FMLInjectionAndSortingTweaker
[16:36:23] [main/INFO] [LaunchWrapper/]: Calling tweak class cpw.mods.fml.relauncher.CoreModManager$FMLPluginWrapper
[16:36:23] [main/DEBUG] [FML/]: Injecting coremod FMLCorePlugin {cpw.mods.fml.relauncher.FMLCorePlugin} class transformers
[16:36:23] [main/TRACE] [FML/]: Registering transformer cpw.mods.fml.common.asm.transformers.MarkerTransformer
[16:36:23] [main/TRACE] [FML/]: Registering transformer cpw.mods.fml.common.asm.transformers.SideTransformer
[16:36:23] [main/TRACE] [FML/]: Registering transformer cpw.mods.fml.common.asm.transformers.EventSubscriptionTransformer
[16:36:23] [main/DEBUG] [FML/]: Injection complete
[16:36:23] [main/DEBUG] [FML/]: Running coremod plugin for FMLCorePlugin {cpw.mods.fml.relauncher.FMLCorePlugin}
[16:36:23] [main/DEBUG] [FML/]: Running coremod plugin FMLCorePlugin
[16:36:23] [main/DEBUG] [FML/]: Read 527 binary patches
[16:36:24] [main/INFO] [FML/]: Found valid fingerprint for Minecraft Forge. Certificate fingerprint e3c3d50c7c986df74c645c0ac54639741c90a557
[16:36:24] [main/DEBUG] [FML/]: Coremod plugin class FMLCorePlugin run successfully
[16:36:24] [main/INFO] [LaunchWrapper/]: Calling tweak class cpw.mods.fml.relauncher.CoreModManager$FMLPluginWrapper
[16:36:24] [main/DEBUG] [FML/]: Injecting coremod FMLForgePlugin {net.minecraftforge.classloading.FMLForgePlugin} class transformers
[16:36:24] [main/TRACE] [FML/]: Registering transformer net.minecraftforge.classloading.FluidIdTransformer
[16:36:24] [main/DEBUG] [FML/]: Injection complete
[16:36:24] [main/DEBUG] [FML/]: Running coremod plugin for FMLForgePlugin {net.minecraftforge.classloading.FMLForgePlugin}
[16:36:24] [main/DEBUG] [FML/]: Running coremod plugin FMLForgePlugin
[16:36:24] [main/DEBUG] [FML/]: Coremod plugin class FMLForgePlugin run successfully
[16:36:24] [main/INFO] [LaunchWrapper/]: Calling tweak class cpw.mods.fml.relauncher.CoreModManager$FMLPluginWrapper
[16:36:24] [main/DEBUG] [FML/]: Injecting coremod DLFMLCorePlugin {atomicstryker.dynamiclights.common.DLFMLCorePlugin} class transformers
[16:36:24] [main/TRACE] [FML/]: Registering transformer atomicstryker.dynamiclights.common.DLTransformer
[16:36:24] [main/DEBUG] [FML/]: Injection complete
[16:36:24] [main/DEBUG] [FML/]: Running coremod plugin for DLFMLCorePlugin {atomicstryker.dynamiclights.common.DLFMLCorePlugin}
[16:36:24] [main/DEBUG] [FML/]: Running coremod plugin DLFMLCorePlugin
[16:36:24] [main/DEBUG] [FML/]: Coremod plugin class DLFMLCorePlugin run successfully
[16:36:24] [main/INFO] [LaunchWrapper/]: Calling tweak class cpw.mods.fml.relauncher.CoreModManager$FMLPluginWrapper
[16:36:24] [main/DEBUG] [FML/]: Injecting coremod IC2core {ic2.core.coremod.IC2core} class transformers
[16:36:24] [main/DEBUG] [FML/]: Injection complete
[16:36:24] [main/DEBUG] [FML/]: Running coremod plugin for IC2core {ic2.core.coremod.IC2core}
[16:36:24] [main/DEBUG] [FML/]: Running coremod plugin IC2core
[16:36:24] [main/INFO] [IC2-core/]: Loaded library EJML-core-0.26.jar.
[16:36:24] [main/DEBUG] [FML/]: Coremod plugin class IC2core run successfully
[16:36:24] [main/INFO] [LaunchWrapper/]: Calling tweak class cpw.mods.fml.relauncher.CoreModManager$FMLPluginWrapper
[16:36:24] [main/DEBUG] [FML/]: Injecting coremod FMLPlugin {invtweaks.forge.asm.FMLPlugin} class transformers
[16:36:24] [main/TRACE] [FML/]: Registering transformer invtweaks.forge.asm.ContainerTransformer
[16:36:24] [main/DEBUG] [FML/]: Injection complete
[16:36:24] [main/DEBUG] [FML/]: Running coremod plugin for FMLPlugin {invtweaks.forge.asm.FMLPlugin}
[16:36:24] [main/DEBUG] [FML/]: Running coremod plugin FMLPlugin
[16:36:24] [main/DEBUG] [FML/]: Coremod plugin class FMLPlugin run successfully
[16:36:24] [main/INFO] [LaunchWrapper/]: Calling tweak class cpw.mods.fml.relauncher.CoreModManager$FMLPluginWrapper
[16:36:24] [main/DEBUG] [FML/]: Injecting coremod MicdoodlePlugin {micdoodle8.mods.miccore.MicdoodlePlugin} class transformers
[16:36:24] [main/INFO] [STDOUT/]: [micdoodle8.mods.miccore.MicdoodlePlugin:getASMTransformerClass:102]: Successfully Registered Transformer
[16:36:24] [main/TRACE] [FML/]: Registering transformer micdoodle8.mods.miccore.MicdoodleTransformer
[16:36:24] [main/DEBUG] [FML/]: Injection complete
[16:36:24] [main/DEBUG] [FML/]: Running coremod plugin for MicdoodlePlugin {micdoodle8.mods.miccore.MicdoodlePlugin}
[16:36:24] [main/DEBUG] [FML/]: Running coremod plugin MicdoodlePlugin
[16:36:24] [main/INFO] [STDOUT/]: [micdoodle8.mods.miccore.MicdoodlePlugin:injectData:295]: [Micdoodle8Core]: Patching game...
[16:36:24] [main/INFO] [STDOUT/]: [micdoodle8.mods.miccore.MicdoodlePlugin:injectData:295]: [Micdoodle8Core]: Patching game...
[16:36:24] [main/DEBUG] [FML/]: Coremod plugin class MicdoodlePlugin run successfully
[16:36:24] [main/INFO] [LaunchWrapper/]: Calling tweak class cpw.mods.fml.relauncher.CoreModManager$FMLPluginWrapper
[16:36:24] [main/DEBUG] [FML/]: Injecting coremod DepLoader {thaumcraft.codechicken.core.launch.DepLoader} class transformers
[16:36:24] [main/DEBUG] [FML/]: Injection complete
[16:36:24] [main/DEBUG] [FML/]: Running coremod plugin for DepLoader {thaumcraft.codechicken.core.launch.DepLoader}
[16:36:24] [main/DEBUG] [FML/]: Running coremod plugin DepLoader
[16:36:24] [main/DEBUG] [FML/]: Coremod plugin class DepLoader run successfully
[16:36:24] [main/INFO] [LaunchWrapper/]: Calling tweak class cpw.mods.fml.relauncher.CoreModManager$FMLPluginWrapper
[16:36:24] [main/DEBUG] [FML/]: Injecting coremod EngineCoreMod {com.builtbroken.mc.core.EngineCoreMod} class transformers
[16:36:24] [main/TRACE] [FML/]: Registering transformer com.builtbroken.mc.core.asm.ChunkTransformer
[16:36:24] [main/DEBUG] [FML/]: Injection complete
[16:36:24] [main/DEBUG] [FML/]: Running coremod plugin for EngineCoreMod {com.builtbroken.mc.core.EngineCoreMod}
[16:36:24] [main/DEBUG] [FML/]: Running coremod plugin EngineCoreMod
[16:36:24] [main/DEBUG] [FML/]: Coremod plugin class EngineCoreMod run successfully
[16:36:24] [main/INFO] [LaunchWrapper/]: Calling tweak class forestry.shade.javacheck.Java7Checker
[16:36:24] [main/INFO] [LaunchWrapper/]: Calling tweak class cpw.mods.fml.common.launcher.FMLDeobfTweaker
[16:36:24] [main/DEBUG] [FML/]: Loaded 57 rules from AccessTransformer config file fml_at.cfg
[16:36:24] [main/DEBUG] [FML/]: Loaded 89 rules from AccessTransformer config file forge_at.cfg
[16:36:24] [main/DEBUG] [FML/]: Loaded 9 rules from AccessTransformer config file invtweaks_at.cfg
[16:36:24] [main/DEBUG] [FML/]: Loaded 30 rules from AccessTransformer config file micdoodlecore_at.cfg
[16:36:24] [main/DEBUG] [FML/]: Loaded 6 rules from AccessTransformer mod jar file C:\Users\Foster\Desktop\Server\mods\witchery-1.7.10-0.24.1.jar!META-INF/witchery_at.cfg

[16:36:24] [main/DEBUG] [FML/]: Loaded 5 rules from AccessTransformer mod jar file C:\Users\Foster\Desktop\Server\mods\Level-Up-Mod-1.7.10.jar!META-INF/levelup_at.cfg

[16:36:24] [main/DEBUG] [FML/]: Loaded 31 rules from AccessTransformer mod jar file C:\Users\Foster\Desktop\Server\mods\TConstruct-1.7.10-1.8.8 (1).jar!META-INF/TConstruct_at.cfg

[16:36:24] [main/DEBUG] [FML/]: Loaded 49 rules from AccessTransformer mod jar file C:\Users\Foster\Desktop\Server\mods\VoltzEngine-1.7.10-0.13.4b117-dev-universal.jar!META-INF/VE_at.cfg

[16:36:24] [main/DEBUG] [FML/]: Loaded 1 rules from AccessTransformer mod jar file C:\Users\Foster\Desktop\Server\mods\Decocraft-2.2.1_1.7.10.jar!META-INF/decocraft_at.cfg

[16:36:24] [main/DEBUG] [FML/]: Loaded 6 rules from AccessTransformer mod jar file C:\Users\Foster\Desktop\Server\mods\ThermalDynamics-[1.7.10]1.1.0-161.jar!META-INF/tdynamics_at.cfg

[16:36:24] [main/DEBUG] [FML/]: Validating minecraft
[16:36:24] [main/DEBUG] [FML/]: Minecraft validated, launching...
[16:36:24] [main/INFO] [LaunchWrapper/]: Calling tweak class cpw.mods.fml.relauncher.CoreModManager$FMLPluginWrapper
[16:36:24] [main/DEBUG] [FML/]: Injecting coremod LoadingPlugin {cofh.asm.LoadingPlugin} class transformers
[16:36:24] [main/TRACE] [FML/]: Registering transformer cofh.asm.CoFHClassTransformer
[16:36:24] [main/DEBUG] [FML/]: Injection complete
[16:36:24] [main/DEBUG] [FML/]: Running coremod plugin for LoadingPlugin {cofh.asm.LoadingPlugin}
[16:36:24] [main/DEBUG] [FML/]: Running coremod plugin LoadingPlugin
[16:36:24] [main/DEBUG] [FML/]: Coremod plugin class LoadingPlugin run successfully
[16:36:24] [main/INFO] [LaunchWrapper/]: Calling tweak class fastcraft.Tweaker
[16:36:24] [main/DEBUG] [FastCraft/]: Mod detection results: {AsRuins=false, Bukkit=false, ColoredLights=false, OptiFine=false, ShadersMod=false, DynamicLights=true, NotEnoughIds=false}
[16:36:24] [main/INFO] [FastCraft/]: FastCraft loaded.
[16:36:24] [main/INFO] [LaunchWrapper/]: Loading tweak class name cpw.mods.fml.common.launcher.TerminalTweaker
[16:36:24] [main/INFO] [LaunchWrapper/]: Calling tweak class cpw.mods.fml.common.launcher.TerminalTweaker
[16:36:24] [main/DEBUG] [FastCraft/]: 1 / 21 applied
[16:36:24] [main/TRACE] [FastCraft/]: 1a5eb9e2 e0341f9d 3ebcb03a 24c7ae8b 93476158 90bccfbb 0fd7a069 5c46eda5 def72436 0977371a 18397b0e 6719015c 2773b4fe 331f1dee c9e04308 d46236a6 8e370e26 52481304 1e6d6e34 62b12530
[16:36:24] [main/INFO] [STDOUT/]: [atomicstryker.dynamiclights.common.DLTransformer:handleWorldTransform:70]: **************** Dynamic Lights transform running on World, obf: true *********************** 
[16:36:24] [main/INFO] [STDOUT/]: [atomicstryker.dynamiclights.common.DLTransformer:handleWorldTransform:83]: In target method! Patching!
[16:36:24] [main/INFO] [STDOUT/]: [atomicstryker.dynamiclights.common.DLTransformer:handleWorldTransform:106]: Bytecode ISTORE 6 case!
[16:36:24] [main/INFO] [STDOUT/]: [atomicstryker.dynamiclights.common.DLTransformer:handleWorldTransform:166]: Patching Complete!
[16:36:24] [main/DEBUG] [FastCraft/]: 2 / 21 applied
[16:36:24] [main/TRACE] [FastCraft/]: e0341f9d 3ebcb03a 24c7ae8b 93476158 90bccfbb 0fd7a069 5c46eda5 def72436 0977371a 18397b0e 6719015c 2773b4fe 331f1dee c9e04308 d46236a6 8e370e26 52481304 1e6d6e34 62b12530
[16:36:24] [main/DEBUG] [FastCraft/]: 3 / 21 applied
[16:36:24] [main/TRACE] [FastCraft/]: e0341f9d 3ebcb03a 24c7ae8b 93476158 90bccfbb 0fd7a069 5c46eda5 def72436 0977371a 18397b0e 6719015c 2773b4fe 331f1dee c9e04308 d46236a6 8e370e26 1e6d6e34 62b12530
[16:36:24] [main/INFO] [STDOUT/]: [micdoodle8.mods.miccore.MicdoodleTransformer:printLog:1848]: Galacticraft successfully injected bytecode into: oi (4 / 4)
[16:36:24] [main/INFO] [STDOUT/]: [micdoodle8.mods.miccore.MicdoodleTransformer:printLog:1848]: Galacticraft successfully injected bytecode into: sv (1 / 1)
[16:36:24] [main/DEBUG] [FastCraft/]: 4 / 21 applied
[16:36:24] [main/TRACE] [FastCraft/]: e0341f9d 3ebcb03a 24c7ae8b 93476158 90bccfbb 0fd7a069 5c46eda5 def72436 0977371a 18397b0e 6719015c 2773b4fe 331f1dee c9e04308 8e370e26 1e6d6e34 62b12530
[16:36:24] [main/DEBUG] [FastCraft/]: 5 / 21 applied
[16:36:24] [main/TRACE] [FastCraft/]: 3ebcb03a 24c7ae8b 93476158 90bccfbb 0fd7a069 5c46eda5 def72436 0977371a 18397b0e 6719015c 2773b4fe 331f1dee c9e04308 8e370e26 1e6d6e34 62b12530
[16:36:24] [main/DEBUG] [FastCraft/]: 6 / 21 applied
[16:36:24] [main/TRACE] [FastCraft/]: 3ebcb03a 24c7ae8b 93476158 90bccfbb 0fd7a069 5c46eda5 def72436 0977371a 18397b0e 6719015c 2773b4fe 331f1dee c9e04308 1e6d6e34 62b12530
[16:36:24] [main/INFO] [LaunchWrapper/]: Launching wrapped minecraft {net.minecraft.server.MinecraftServer}
[16:36:25] [main/INFO] [STDOUT/]: [micdoodle8.mods.miccore.MicdoodleTransformer:printLog:1848]: Galacticraft successfully injected bytecode into: xk (1 / 1)
[16:36:25] [main/INFO] [STDOUT/]: [micdoodle8.mods.miccore.MicdoodleTransformer:printLog:1848]: Galacticraft successfully injected bytecode into: zc (1 / 1)
[16:36:25] [main/DEBUG] [FastCraft/]: 7 / 21 applied
[16:36:25] [main/TRACE] [FastCraft/]: 3ebcb03a 24c7ae8b 93476158 90bccfbb 0fd7a069 5c46eda5 def72436 18397b0e 6719015c 2773b4fe 331f1dee c9e04308 1e6d6e34 62b12530
[16:36:25] [main/DEBUG] [FastCraft/]: 8 / 21 applied
[16:36:25] [main/TRACE] [FastCraft/]: 3ebcb03a 24c7ae8b 93476158 90bccfbb 0fd7a069 5c46eda5 18397b0e 6719015c 2773b4fe 331f1dee c9e04308 1e6d6e34 62b12530
[16:36:25] [main/DEBUG] [FastCraft/]: 9 / 21 applied
[16:36:25] [main/TRACE] [FastCraft/]: 3ebcb03a 24c7ae8b 93476158 90bccfbb 0fd7a069 5c46eda5 6719015c 2773b4fe 331f1dee c9e04308 1e6d6e34 62b12530
[16:36:25] [main/DEBUG] [FastCraft/]: 10 / 21 applied
[16:36:25] [main/TRACE] [FastCraft/]: 3ebcb03a 93476158 90bccfbb 0fd7a069 5c46eda5 6719015c 2773b4fe 331f1dee c9e04308 1e6d6e34 62b12530
[16:36:26] [main/WARN] [FML/]: =============================================================
[16:36:26] [main/WARN] [FML/]: MOD HAS DIRECT REFERENCE System.exit() THIS IS NOT ALLOWED REROUTING TO FML!
[16:36:26] [main/WARN] [FML/]: Offendor: net/minecraft/server/gui/MinecraftServerGui$1.windowClosing(Ljava/awt/event/WindowEvent;)V
[16:36:26] [main/WARN] [FML/]: Use FMLCommonHandler.exitJava instead
[16:36:26] [main/WARN] [FML/]: =============================================================
[16:36:26] [Server thread/INFO] [MinecraftForge/]: Attempting early MinecraftForge initialization
[16:36:26] [Server thread/INFO] [FML/]: MinecraftForge v10.13.4.1558 Initialized
[16:36:26] [Server thread/INFO] [FML/]: Replaced 183 ore recipies
[16:36:26] [Server thread/DEBUG] [FastCraft/]: 11 / 21 applied
[16:36:26] [Server thread/TRACE] [FastCraft/]: 3ebcb03a 93476158 90bccfbb 0fd7a069 6719015c 2773b4fe 331f1dee c9e04308 1e6d6e34 62b12530
[16:36:26] [Server thread/INFO] [MinecraftForge/]: Completed early MinecraftForge initialization
[16:36:26] [Server thread/DEBUG] [FML/]: File C:\Users\Foster\Desktop\Server\config\injectedDependencies.json not found. No dependencies injected
[16:36:26] [Server thread/DEBUG] [FML/]: Building injected Mod Containers [cpw.mods.fml.common.FMLContainer, net.minecraftforge.common.ForgeModContainer, micdoodle8.mods.miccore.MicdoodleModContainer, com.builtbroken.mc.core.EnginePreloader, cofh.asm.LoadingPlugin$CoFHDummyContainer, fastcraft.f]
[16:36:26] [Server thread/WARN] [FML/]: Can't revert to frozen GameData state without freezing first.
[16:36:26] [Server thread/INFO] [FML/]: Applying holder lookups
[16:36:26] [Server thread/INFO] [FML/]: Holder lookups applied
[16:36:26] [Server thread/INFO] [FML/]: The state engine was in incorrect state CONSTRUCTING and forced into state SERVER_STOPPED. Errors may have been discarded.
