CraftGuide: Extracting 'base/base.png' to 'C:\Users\Foster\AppData\Roaming\.minecraft\config\CraftGuide\themes\base\base.png'
CraftGuide: Extracting 'base/readme.txt' to 'C:\Users\Foster\AppData\Roaming\.minecraft\config\CraftGuide\themes\base\readme.txt'
CraftGuide: Extracting 'base/theme.xml' to 'C:\Users\Foster\AppData\Roaming\.minecraft\config\CraftGuide\themes\base\theme.xml'
CraftGuide: Extracting 'dark/dark.png' to 'C:\Users\Foster\AppData\Roaming\.minecraft\config\CraftGuide\themes\dark\dark.png'
CraftGuide: Extracting 'dark/dark_brew.png' to 'C:\Users\Foster\AppData\Roaming\.minecraft\config\CraftGuide\themes\dark\dark_brew.png'
CraftGuide: Extracting 'dark/dark_craft.png' to 'C:\Users\Foster\AppData\Roaming\.minecraft\config\CraftGuide\themes\dark\dark_craft.png'
CraftGuide: Extracting 'dark/theme.xml' to 'C:\Users\Foster\AppData\Roaming\.minecraft\config\CraftGuide\themes\dark\theme.xml'
CraftGuide: Extracting 'texpack_support/theme.xml' to 'C:\Users\Foster\AppData\Roaming\.minecraft\config\CraftGuide\themes\texpack_support\theme.xml'
(re)loading themes...
  Trying to load directory: base
    Found theme.xml
    Loaded base
  Trying to load directory: dark
    Found theme.xml
    Loaded dark
  Trying to load directory: texpack_support
    Found theme.xml
    Loaded texpack_support
java.lang.NoSuchMethodException: ic2.core.util.Config.getFloat(java.lang.String)
	at java.lang.Class.getMethod(Class.java:1778)
	at uristqwerty.CraftGuide.recipes.IC2GeneratorFuel.getGeneratorMult(IC2GeneratorFuel.java:63)
	at uristqwerty.CraftGuide.recipes.IC2GeneratorFuel.<init>(IC2GeneratorFuel.java:18)
	at uristqwerty.CraftGuide.recipes.IC2ExperimentalRecipes.<init>(IC2ExperimentalRecipes.java:53)
	at sun.reflect.NativeConstructorAccessorImpl.newInstance0(Native Method)
	at sun.reflect.NativeConstructorAccessorImpl.newInstance(NativeConstructorAccessorImpl.java:62)
	at sun.reflect.DelegatingConstructorAccessorImpl.newInstance(DelegatingConstructorAccessorImpl.java:45)
	at java.lang.reflect.Constructor.newInstance(Constructor.java:408)
	at java.lang.Class.newInstance(Class.java:438)
	at uristqwerty.CraftGuide.CraftGuide.loadModRecipes(CraftGuide.java:123)
	at uristqwerty.CraftGuide.CraftGuide.addIC2Recipes(CraftGuide.java:109)
	at uristqwerty.CraftGuide.CraftGuide.init(CraftGuide.java:96)
	at uristqwerty.CraftGuide.CraftGuide_FML.init(CraftGuide_FML.java:55)
	at sun.reflect.NativeMethodAccessorImpl.invoke0(Native Method)
	at sun.reflect.NativeMethodAccessorImpl.invoke(NativeMethodAccessorImpl.java:62)
	at sun.reflect.DelegatingMethodAccessorImpl.invoke(DelegatingMethodAccessorImpl.java:43)
	at java.lang.reflect.Method.invoke(Method.java:483)
	at cpw.mods.fml.common.FMLModContainer.handleModStateEvent(FMLModContainer.java:532)
	at sun.reflect.GeneratedMethodAccessor3.invoke(Unknown Source)
	at sun.reflect.DelegatingMethodAccessorImpl.invoke(DelegatingMethodAccessorImpl.java:43)
	at java.lang.reflect.Method.invoke(Method.java:483)
	at com.google.common.eventbus.EventSubscriber.handleEvent(EventSubscriber.java:74)
	at com.google.common.eventbus.SynchronizedEventSubscriber.handleEvent(SynchronizedEventSubscriber.java:47)
	at com.google.common.eventbus.EventBus.dispatch(EventBus.java:322)
	at com.google.common.eventbus.EventBus.dispatchQueuedEvents(EventBus.java:304)
	at com.google.common.eventbus.EventBus.post(EventBus.java:275)
	at cpw.mods.fml.common.LoadController.sendEventToModContainer(LoadController.java:212)
	at cpw.mods.fml.common.LoadController.propogateStateMessage(LoadController.java:190)
	at sun.reflect.NativeMethodAccessorImpl.invoke0(Native Method)
	at sun.reflect.NativeMethodAccessorImpl.invoke(NativeMethodAccessorImpl.java:62)
	at sun.reflect.DelegatingMethodAccessorImpl.invoke(DelegatingMethodAccessorImpl.java:43)
	at java.lang.reflect.Method.invoke(Method.java:483)
	at com.google.common.eventbus.EventSubscriber.handleEvent(EventSubscriber.java:74)
	at com.google.common.eventbus.SynchronizedEventSubscriber.handleEvent(SynchronizedEventSubscriber.java:47)
	at com.google.common.eventbus.EventBus.dispatch(EventBus.java:322)
	at com.google.common.eventbus.EventBus.dispatchQueuedEvents(EventBus.java:304)
	at com.google.common.eventbus.EventBus.post(EventBus.java:275)
	at cpw.mods.fml.common.LoadController.distributeStateMessage(LoadController.java:119)
	at cpw.mods.fml.common.Loader.initializeMods(Loader.java:737)
	at cpw.mods.fml.client.FMLClientHandler.finishMinecraftLoading(FMLClientHandler.java:311)
	at net.minecraft.client.Minecraft.func_71384_a(Minecraft.java:552)
	at net.minecraft.client.Minecraft.func_99999_d(Minecraft.java:878)
	at net.minecraft.client.main.Main.main(SourceFile:148)
	at sun.reflect.NativeMethodAccessorImpl.invoke0(Native Method)
	at sun.reflect.NativeMethodAccessorImpl.invoke(NativeMethodAccessorImpl.java:62)
	at sun.reflect.DelegatingMethodAccessorImpl.invoke(DelegatingMethodAccessorImpl.java:43)
	at java.lang.reflect.Method.invoke(Method.java:483)
	at net.minecraft.launchwrapper.Launch.launch(Launch.java:135)
	at net.minecraft.launchwrapper.Launch.main(Launch.java:28)
