#
# A fatal error has been detected by the Java Runtime Environment:
#
#  EXCEPTION_ACCESS_VIOLATION (0xc0000005) at pc=0x00007ffb2dfdaea4, pid=6104, tid=4680
#
# JRE version: Java(TM) SE Runtime Environment (8.0_25-b18) (build 1.8.0_25-b18)
# Java VM: Java HotSpot(TM) 64-Bit Server VM (25.25-b02 mixed mode windows-amd64 compressed oops)
# Problematic frame:
# C  [OPENGL32.dll+0xeaea4]
#
# Failed to write core dump. Minidumps are not enabled by default on client versions of Windows
#
# If you would like to submit a bug report, please visit:
#   http://bugreport.sun.com/bugreport/crash.jsp
#

---------------  T H R E A D  ---------------

Current thread (0x0000000016ba5800):  VMThread [stack: 0x00000000173f0000,0x00000000174f0000] [id=4680]

siginfo: ExceptionCode=0xc0000005, reading address 0x0000000000000a38

Registers:
RAX=0x0000000000000000, RBX=0x0000000023b33700, RCX=0x0000000000000001, RDX=0x0000000023b33708
RSP=0x00000000174eed78, RBP=0x0000000000000000, RSI=0x0000000023b36ca0, RDI=0x0000000023b36ca0
R8 =0x00000000174eedf8, R9 =0x0000000016b1b430, R10=0x00007ffb2dfdae90, R11=0xffffffffffffffff
R12=0x0000000000000000, R13=0x000000001dd18020, R14=0x000000001dd17ed0, R15=0x0000000000000000
RIP=0x00007ffb2dfdaea4, EFLAGS=0x0000000000010283

Top of Stack: (sp=0x00000000174eed78)
0x00000000174eed78:   00007ffb2b6326cb 0000000000000001
0x00000000174eed88:   0000000023b33708 00000000174eedf8
0x00000000174eed98:   0000000016b1b430 0000000000000000
0x00000000174eeda8:   00007ffb2b638197 00000000481d0b00
0x00000000174eedb8:   0000000020c3a460 000000001dd18000
0x00000000174eedc8:   00007ffb2b637503 fffffffffffffffe
0x00000000174eedd8:   00000000174eee40 0000000000000000
0x00000000174eede8:   00007ffb2b638a49 0000000023b36ca0
0x00000000174eedf8:   000000001dd1cdc0 00007ffb2b7217b0
0x00000000174eee08:   00007ffb2b6b5568 fffffffffffffffe
0x00000000174eee18:   000000001dd1a520 0000000000000001
0x00000000174eee28:   000000001dd17ff8 000000001dd17ed0
0x00000000174eee38:   00007ffb2b6bd61d 00007ffb2b7f65b0
0x00000000174eee48:   00007ffb2b7217a0 0000000016b1b430
0x00000000174eee58:   00007ffb48973d07 000000001dd17ff8
0x00000000174eee68:   000000001dd17ed0 000000001dd17ed0 

Instructions: (pc=0x00007ffb2dfdaea4)
0x00007ffb2dfdae84:   cc cc cc cc cc cc 66 0f 1f 44 00 00 8b 05 72 f1
0x00007ffb2dfdae94:   00 00 83 f8 40 73 0f 65 48 8b 04 c5 80 14 00 00
0x00007ffb2dfdaea4:   ff a0 38 0a 00 00 b8 47 01 00 00 e9 ec d4 ff ff
0x00007ffb2dfdaeb4:   cc cc cc cc cc cc 66 0f 1f 44 00 00 8b 05 42 f1 


Register to memory mapping:

RAX=
[error occurred during error reporting (printing register info), id 0xc0000005]

Stack: [0x00000000173f0000,0x00000000174f0000],  sp=0x00000000174eed78,  free space=1019k
Native frames: (J=compiled Java code, j=interpreted, Vv=VM code, C=native code)

VM_Operation (0x000000000266e8e0): Exit, mode: safepoint, requested by thread 0x00000000026a4000


---------------  P R O C E S S  ---------------

Java Threads: ( => current thread )
  0x000000001d89d000 JavaThread "AWT-Shutdown" [_thread_blocked, id=3408, stack(0x0000000027760000,0x0000000027860000)]
  0x0000000019236800 JavaThread "JM-texture-6" [_thread_blocked, id=3332, stack(0x000000004a860000,0x000000004a960000)]
  0x000000001d8a1800 JavaThread "JM-texture-3" [_thread_blocked, id=4496, stack(0x000000004d390000,0x000000004d490000)]
  0x000000001d89f000 JavaThread "File IO Thread" [_thread_blocked, id=5056, stack(0x000000004ae60000,0x000000004af60000)]
  0x000000001d89b800 JavaThread "Netty Client IO #1" daemon [_thread_in_native, id=4168, stack(0x000000004a560000,0x000000004a660000)]
  0x000000001d89d800 JavaThread "Netty Client IO #0" daemon [_thread_in_native, id=6256, stack(0x000000004a360000,0x000000004a460000)]
  0x000000001d898800 JavaThread "Thread-17" daemon [_thread_in_native, id=1952, stack(0x0000000047db0000,0x0000000047eb0000)]
  0x000000001d897800 JavaThread "Server Pinger #0" daemon [_thread_blocked, id=7608, stack(0x00000000478b0000,0x00000000479b0000)]
  0x000000001d897000 JavaThread "ic2-poolthread-2" daemon [_thread_blocked, id=7356, stack(0x0000000023930000,0x0000000023a30000)]
  0x000000001d168800 JavaThread "ic2-poolthread-1" daemon [_thread_blocked, id=6044, stack(0x0000000046fb0000,0x00000000470b0000)]
  0x000000001d165800 JavaThread "Thread-9" [_thread_blocked, id=8376, stack(0x0000000029960000,0x0000000029a60000)]
  0x00000000188c2800 JavaThread "LWJGL Timer" daemon [_thread_blocked, id=7664, stack(0x0000000029860000,0x0000000029960000)]
  0x000000001ba8b800 JavaThread "Timer hack thread" daemon [_thread_blocked, id=8640, stack(0x000000001c870000,0x000000001c970000)]
  0x000000001b480000 JavaThread "Snooper Timer" daemon [_thread_blocked, id=2964, stack(0x00000000221f0000,0x00000000222f0000)]
  0x0000000018f5c800 JavaThread "Java2D Disposer" daemon [_thread_blocked, id=3648, stack(0x000000001c070000,0x000000001c170000)]
  0x0000000017791800 JavaThread "Service Thread" daemon [_thread_blocked, id=5424, stack(0x00000000181f0000,0x00000000182f0000)]
  0x0000000017716000 JavaThread "C1 CompilerThread3" daemon [_thread_blocked, id=3060, stack(0x00000000180f0000,0x00000000181f0000)]
  0x0000000017703800 JavaThread "C2 CompilerThread2" daemon [_thread_blocked, id=6864, stack(0x0000000017ff0000,0x00000000180f0000)]
  0x0000000017703000 JavaThread "C2 CompilerThread1" daemon [_thread_blocked, id=4456, stack(0x0000000017ef0000,0x0000000017ff0000)]
  0x0000000017702000 JavaThread "C2 CompilerThread0" daemon [_thread_blocked, id=2368, stack(0x0000000017df0000,0x0000000017ef0000)]
  0x0000000017700800 JavaThread "Attach Listener" daemon [_thread_blocked, id=8932, stack(0x0000000017cf0000,0x0000000017df0000)]
  0x00000000176fc000 JavaThread "Signal Dispatcher" daemon [_thread_blocked, id=9112, stack(0x0000000017bf0000,0x0000000017cf0000)]
  0x00000000176fb000 JavaThread "Surrogate Locker Thread (Concurrent GC)" daemon [_thread_blocked, id=7536, stack(0x0000000017af0000,0x0000000017bf0000)]
  0x0000000016bb6800 JavaThread "Finalizer" daemon [_thread_blocked, id=8204, stack(0x00000000175f0000,0x00000000176f0000)]
  0x0000000016baf800 JavaThread "Reference Handler" daemon [_thread_blocked, id=8156, stack(0x00000000174f0000,0x00000000175f0000)]
  0x00000000026a4000 JavaThread "Client thread" [_thread_blocked, id=8868, stack(0x0000000002570000,0x0000000002670000)]

Other Threads:
=>0x0000000016ba5800 VMThread [stack: 0x00000000173f0000,0x00000000174f0000] [id=4680]

VM state:at safepoint (shutting down)

VM Mutex/Monitor currently owned by a thread:  ([mutex/lock_event])
[0x00000000026a14d0] Threads_lock - owner thread: 0x0000000016ba5800

Heap:
 par new generation   total 118016K, used 88314K [0x00000000c0000000, 0x00000000c8000000, 0x00000000c8000000)
  eden space 104960K,  82% used [0x00000000c0000000, 0x00000000c54ae998, 0x00000000c6680000)
  from space 13056K,  12% used [0x00000000c6680000, 0x00000000c680ff28, 0x00000000c7340000)
  to   space 13056K,   0% used [0x00000000c7340000, 0x00000000c7340000, 0x00000000c8000000)
 concurrent mark-sweep generation total 917504K, used 789295K [0x00000000c8000000, 0x0000000100000000, 0x0000000100000000)
 Metaspace       used 85025K, capacity 85441K, committed 86400K, reserved 1124352K
  class space    used 11400K, capacity 11524K, committed 11648K, reserved 1048576K

Card table byte_map: [0x00000000123f0000,0x0000000012600000] byte_map_base: 0x0000000011df0000

Marking Bits: (CMSBitMap*) 0x000000000272eb48
 Bits: [0x0000000013060000, 0x0000000013e60000)

Mod Union Table: (CMSBitMap*) 0x000000000272ec08
 Bits: [0x0000000000df0000, 0x0000000000e28000)

Polling page: 0x0000000000dc0000

CodeCache: size=245760Kb used=48577Kb max_used=48710Kb free=197182Kb
 bounds [0x0000000002830000, 0x0000000005830000, 0x0000000011830000]
 total_blobs=12360 nmethods=11117 adapters=1153
 compilation: enabled

Compilation events (10 events):
Event: 921.149 Thread 0x0000000017716000 16753       1       java.lang.Thread::getPriority (5 bytes)
Event: 921.149 Thread 0x0000000017716000 nmethod 16753 0x0000000004543090 code [0x00000000045431e0, 0x00000000045432f0]
Event: 921.149 Thread 0x0000000017716000 16754       3       java.util.logging.LogManager$LoggerContext::getRootLogger (8 bytes)
Event: 921.149 Thread 0x0000000017716000 nmethod 16754 0x0000000005587710 code [0x0000000005587860, 0x0000000005587a70]
Event: 921.149 Thread 0x0000000017716000 16755       3       java.util.logging.LogManager$LoggerContext::getGlobalLogger (6 bytes)
Event: 921.150 Thread 0x0000000017716000 nmethod 16755 0x0000000003a77190 code [0x0000000003a772e0, 0x0000000003a77430]
Event: 921.151 Thread 0x0000000017716000 16756       3       org.apache.logging.log4j.core.config.BaseConfiguration::getLoggerConfig (70 bytes)
Event: 921.151 Thread 0x0000000017716000 nmethod 16756 0x0000000005214210 code [0x0000000005214420, 0x0000000005215058]
Event: 921.151 Thread 0x0000000017716000 16757       3       org.apache.logging.log4j.core.Logger$PrivateConfig::<init> (56 bytes)
Event: 921.151 Thread 0x0000000017716000 nmethod 16757 0x0000000004e73310 code [0x0000000004e73480, 0x0000000004e73968]

GC Heap History (10 events):
Event: 703.642 GC heap before
{Heap before GC invocations=288 (full 35):
 par new generation   total 118016K, used 106989K [0x00000000c0000000, 0x00000000c8000000, 0x00000000c8000000)
  eden space 104960K, 100% used [0x00000000c0000000, 0x00000000c6680000, 0x00000000c6680000)
  from space 13056K,  15% used [0x00000000c7340000, 0x00000000c753b478, 0x00000000c8000000)
  to   space 13056K,   0% used [0x00000000c6680000, 0x00000000c6680000, 0x00000000c7340000)
 concurrent mark-sweep generation total 917504K, used 788762K [0x00000000c8000000, 0x0000000100000000, 0x0000000100000000)
 Metaspace       used 84998K, capacity 85441K, committed 86400K, reserved 1124352K
  class space    used 11397K, capacity 11524K, committed 11648K, reserved 1048576K
Event: 703.649 GC heap after
Heap after GC invocations=289 (full 35):
 par new generation   total 118016K, used 2404K [0x00000000c0000000, 0x00000000c8000000, 0x00000000c8000000)
  eden space 104960K,   0% used [0x00000000c0000000, 0x00000000c0000000, 0x00000000c6680000)
  from space 13056K,  18% used [0x00000000c6680000, 0x00000000c68d91a0, 0x00000000c7340000)
  to   space 13056K,   0% used [0x00000000c7340000, 0x00000000c7340000, 0x00000000c8000000)
 concurrent mark-sweep generation total 917504K, used 788762K [0x00000000c8000000, 0x0000000100000000, 0x0000000100000000)
 Metaspace       used 84998K, capacity 85441K, committed 86400K, reserved 1124352K
  class space    used 11397K, capacity 11524K, committed 11648K, reserved 1048576K
}
Event: 751.274 GC heap before
{Heap before GC invocations=289 (full 35):
 par new generation   total 118016K, used 107364K [0x00000000c0000000, 0x00000000c8000000, 0x00000000c8000000)
  eden space 104960K, 100% used [0x00000000c0000000, 0x00000000c6680000, 0x00000000c6680000)
  from space 13056K,  18% used [0x00000000c6680000, 0x00000000c68d91a0, 0x00000000c7340000)
  to   space 13056K,   0% used [0x00000000c7340000, 0x00000000c7340000, 0x00000000c8000000)
 concurrent mark-sweep generation total 917504K, used 788762K [0x00000000c8000000, 0x0000000100000000, 0x0000000100000000)
 Metaspace       used 85004K, capacity 85441K, committed 86400K, reserved 1124352K
  class space    used 11397K, capacity 11524K, committed 11648K, reserved 1048576K
Event: 751.276 GC heap after
Heap after GC invocations=290 (full 35):
 par new generation   total 118016K, used 1971K [0x00000000c0000000, 0x00000000c8000000, 0x00000000c8000000)
  eden space 104960K,   0% used [0x00000000c0000000, 0x00000000c0000000, 0x00000000c6680000)
  from space 13056K,  15% used [0x00000000c7340000, 0x00000000c752cc08, 0x00000000c8000000)
  to   space 13056K,   0% used [0x00000000c6680000, 0x00000000c6680000, 0x00000000c7340000)
 concurrent mark-sweep generation total 917504K, used 789295K [0x00000000c8000000, 0x0000000100000000, 0x0000000100000000)
 Metaspace       used 85004K, capacity 85441K, committed 86400K, reserved 1124352K
  class space    used 11397K, capacity 11524K, committed 11648K, reserved 1048576K
}
Event: 803.313 GC heap before
{Heap before GC invocations=290 (full 35):
 par new generation   total 118016K, used 106931K [0x00000000c0000000, 0x00000000c8000000, 0x00000000c8000000)
  eden space 104960K, 100% used [0x00000000c0000000, 0x00000000c6680000, 0x00000000c6680000)
  from space 13056K,  15% used [0x00000000c7340000, 0x00000000c752cc08, 0x00000000c8000000)
  to   space 13056K,   0% used [0x00000000c6680000, 0x00000000c6680000, 0x00000000c7340000)
 concurrent mark-sweep generation total 917504K, used 789295K [0x00000000c8000000, 0x0000000100000000, 0x0000000100000000)
 Metaspace       used 85004K, capacity 85441K, committed 86400K, reserved 1124352K
  class space    used 11397K, capacity 11524K, committed 11648K, reserved 1048576K
Event: 803.315 GC heap after
Heap after GC invocations=291 (full 35):
 par new generation   total 118016K, used 1936K [0x00000000c0000000, 0x00000000c8000000, 0x00000000c8000000)
  eden space 104960K,   0% used [0x00000000c0000000, 0x00000000c0000000, 0x00000000c6680000)
  from space 13056K,  14% used [0x00000000c6680000, 0x00000000c68641f8, 0x00000000c7340000)
  to   space 13056K,   0% used [0x00000000c7340000, 0x00000000c7340000, 0x00000000c8000000)
 concurrent mark-sweep generation total 917504K, used 789295K [0x00000000c8000000, 0x0000000100000000, 0x0000000100000000)
 Metaspace       used 85004K, capacity 85441K, committed 86400K, reserved 1124352K
  class space    used 11397K, capacity 11524K, committed 11648K, reserved 1048576K
}
Event: 851.519 GC heap before
{Heap before GC invocations=291 (full 35):
 par new generation   total 118016K, used 106896K [0x00000000c0000000, 0x00000000c8000000, 0x00000000c8000000)
  eden space 104960K, 100% used [0x00000000c0000000, 0x00000000c6680000, 0x00000000c6680000)
  from space 13056K,  14% used [0x00000000c6680000, 0x00000000c68641f8, 0x00000000c7340000)
  to   space 13056K,   0% used [0x00000000c7340000, 0x00000000c7340000, 0x00000000c8000000)
 concurrent mark-sweep generation total 917504K, used 789295K [0x00000000c8000000, 0x0000000100000000, 0x0000000100000000)
 Metaspace       used 85007K, capacity 85441K, committed 86400K, reserved 1124352K
  class space    used 11397K, capacity 11524K, committed 11648K, reserved 1048576K
Event: 851.521 GC heap after
Heap after GC invocations=292 (full 35):
 par new generation   total 118016K, used 1549K [0x00000000c0000000, 0x00000000c8000000, 0x00000000c8000000)
  eden space 104960K,   0% used [0x00000000c0000000, 0x00000000c0000000, 0x00000000c6680000)
  from space 13056K,  11% used [0x00000000c7340000, 0x00000000c74c3600, 0x00000000c8000000)
  to   space 13056K,   0% used [0x00000000c6680000, 0x00000000c6680000, 0x00000000c7340000)
 concurrent mark-sweep generation total 917504K, used 789295K [0x00000000c8000000, 0x0000000100000000, 0x0000000100000000)
 Metaspace       used 85007K, capacity 85441K, committed 86400K, reserved 1124352K
  class space    used 11397K, capacity 11524K, committed 11648K, reserved 1048576K
}
Event: 890.575 GC heap before
{Heap before GC invocations=292 (full 35):
 par new generation   total 118016K, used 106509K [0x00000000c0000000, 0x00000000c8000000, 0x00000000c8000000)
  eden space 104960K, 100% used [0x00000000c0000000, 0x00000000c6680000, 0x00000000c6680000)
  from space 13056K,  11% used [0x00000000c7340000, 0x00000000c74c3600, 0x00000000c8000000)
  to   space 13056K,   0% used [0x00000000c6680000, 0x00000000c6680000, 0x00000000c7340000)
 concurrent mark-sweep generation total 917504K, used 789295K [0x00000000c8000000, 0x0000000100000000, 0x0000000100000000)
 Metaspace       used 85007K, capacity 85441K, committed 86400K, reserved 1124352K
  class space    used 11397K, capacity 11524K, committed 11648K, reserved 1048576K
Event: 890.577 GC heap after
Heap after GC invocations=293 (full 35):
 par new generation   total 118016K, used 1599K [0x00000000c0000000, 0x00000000c8000000, 0x00000000c8000000)
  eden space 104960K,   0% used [0x00000000c0000000, 0x00000000c0000000, 0x00000000c6680000)
  from space 13056K,  12% used [0x00000000c6680000, 0x00000000c680ff28, 0x00000000c7340000)
  to   space 13056K,   0% used [0x00000000c7340000, 0x00000000c7340000, 0x00000000c8000000)
 concurrent mark-sweep generation total 917504K, used 789295K [0x00000000c8000000, 0x0000000100000000, 0x0000000100000000)
 Metaspace       used 85007K, capacity 85441K, committed 86400K, reserved 1124352K
  class space    used 11397K, capacity 11524K, committed 11648K, reserved 1048576K
}

Deoptimization events (10 events):
Event: 429.729 Thread 0x00000000026a4000 Uncommon trap: reason=unreached action=reinterpret pc=0x0000000004944b84 method=org.millenaire.client.texture.TextureAmuletAlchemist.getScore(Lnet/minecraft/client/Minecraft;)I @ 6
Event: 429.729 Thread 0x00000000026a4000 Uncommon trap: reason=unreached action=reinterpret pc=0x0000000004039708 method=org.millenaire.client.texture.TextureAmuletVishnu.getScore(Lnet/minecraft/client/Minecraft;)I @ 11
Event: 429.729 Thread 0x00000000026a4000 Uncommon trap: reason=unreached action=reinterpret pc=0x000000000494f50c method=org.millenaire.client.texture.TextureAmuletYddrasil.getScore(Lnet/minecraft/client/Minecraft;)I @ 6
Event: 429.760 Thread 0x00000000026a4000 Uncommon trap: reason=unreached action=reinterpret pc=0x00000000050033e8 method=ic2.core.TickHandler.onClientTick(Lcpw/mods/fml/common/gameevent/TickEvent$ClientTickEvent;)V @ 54
Event: 429.760 Thread 0x00000000026a4000 Uncommon trap: reason=unreached action=reinterpret pc=0x000000000411e464 method=journeymap.client.forge.event.StateTickHandler.onClientTick(Lcpw/mods/fml/common/gameevent/TickEvent$ClientTickEvent;)V @ 30
Event: 429.765 Thread 0x00000000026a4000 Uncommon trap: reason=unreached action=reinterpret pc=0x0000000004557294 method=org.millenaire.client.texture.TextureAmuletAlchemist.getScore(Lnet/minecraft/client/Minecraft;)I @ 6
Event: 429.827 Thread 0x00000000026a4000 Uncommon trap: reason=unreached action=reinterpret pc=0x0000000004ba0e48 method=com.mia.props.events.ClientEventHandler.onClientTick(Lcpw/mods/fml/common/gameevent/TickEvent$ClientTickEvent;)V @ 29
Event: 429.960 Thread 0x00000000026a4000 Uncommon trap: reason=unreached action=reinterpret pc=0x000000000357fee0 method=journeymap.client.JourneymapClient.isMapping()Ljava/lang/Boolean; @ 14
Event: 610.987 Thread 0x000000001d899000 Uncommon trap: reason=unreached action=reinterpret pc=0x0000000005365f20 method=paulscode.sound.Source.stream()Z @ 134
Event: 920.869 Thread 0x000000001d899000 Uncommon trap: reason=unreached action=reinterpret pc=0x0000000004ff416c method=paulscode.sound.StreamThread.run()V @ 100

Internal exceptions (10 events):
Event: 840.588 Thread 0x000000001d899000 Exception <a 'java/lang/InterruptedException': sleep interrupted> (0x00000000c44875b8) thrown at [D:\re\workspace\8-2-build-windows-amd64-cygwin\jdk8u25\1677\hotspot\src\share\vm\prims\jvm.cpp, line 3141]
Event: 920.853 Thread 0x000000001d89a800 Exception <a 'java/lang/InterruptedException': sleep interrupted> (0x00000000c512f9a0) thrown at [D:\re\workspace\8-2-build-windows-amd64-cygwin\jdk8u25\1677\hotspot\src\share\vm\prims\jvm.cpp, line 3141]
Event: 920.853 Thread 0x000000001d89a800 Exception <a 'java/lang/InterruptedException': sleep interrupted> (0x00000000c512fbc8) thrown at [D:\re\workspace\8-2-build-windows-amd64-cygwin\jdk8u25\1677\hotspot\src\share\vm\prims\jvm.cpp, line 3141]
Event: 920.953 Thread 0x000000001d899000 Exception <a 'java/lang/InterruptedException': sleep interrupted> (0x00000000c50dde18) thrown at [D:\re\workspace\8-2-build-windows-amd64-cygwin\jdk8u25\1677\hotspot\src\share\vm\prims\jvm.cpp, line 3141]
Event: 921.143 Thread 0x00000000026a4000 Exception <a 'java/security/PrivilegedActionException'> (0x00000000c51395a8) thrown at [D:\re\workspace\8-2-build-windows-amd64-cygwin\jdk8u25\1677\hotspot\src\share\vm\prims\jvm.cpp, line 1312]
Event: 921.149 Thread 0x0000000019238800 Exception <a 'java/security/PrivilegedActionException'> (0x00000000c52d1190) thrown at [D:\re\workspace\8-2-build-windows-amd64-cygwin\jdk8u25\1677\hotspot\src\share\vm\prims\jvm.cpp, line 1312]
Event: 921.150 Thread 0x0000000019238800 Exception <a 'java/security/PrivilegedActionException'> (0x00000000c52e6a28) thrown at [D:\re\workspace\8-2-build-windows-amd64-cygwin\jdk8u25\1677\hotspot\src\share\vm\prims\jvm.cpp, line 1312]
Event: 921.150 Thread 0x0000000019238800 Exception <a 'java/security/PrivilegedActionException'> (0x00000000c52e9df0) thrown at [D:\re\workspace\8-2-build-windows-amd64-cygwin\jdk8u25\1677\hotspot\src\share\vm\prims\jvm.cpp, line 1312]
Event: 921.151 Thread 0x000000001d899000 Exception <a 'java/security/PrivilegedActionException'> (0x00000000c542da40) thrown at [D:\re\workspace\8-2-build-windows-amd64-cygwin\jdk8u25\1677\hotspot\src\share\vm\prims\jvm.cpp, line 1312]
Event: 921.151 Thread 0x000000001d899000 Exception <a 'java/security/PrivilegedActionException'> (0x00000000c5430e08) thrown at [D:\re\workspace\8-2-build-windows-amd64-cygwin\jdk8u25\1677\hotspot\src\share\vm\prims\jvm.cpp, line 1312]

Events (10 events):
Event: 921.150 Executing VM operation: RevokeBias done
Event: 921.150 Executing VM operation: RevokeBias
Event: 921.151 Executing VM operation: RevokeBias done
Event: 921.151 loading class javax/servlet/ServletContext
Event: 921.151 loading class javax/servlet/ServletContext done
Event: 921.151 Thread 0x0000000019238800 Thread exited: 0x0000000019238800
Event: 921.151 Thread 0x000000001d899000 Thread exited: 0x000000001d899000
Event: 921.178 Thread 0x0000000019bad000 Thread exited: 0x0000000019bad000
Event: 921.250 Thread 0x0000000019238000 Thread exited: 0x0000000019238000
Event: 921.250 Executing VM operation: Exit


Dynamic libraries:
0x00007ff66c280000 - 0x00007ff66c2b4000 	C:\Users\Foster\Desktop\runtime\jre-x64\1.8.0_25\bin\javaw.exe
0x00007ffb48910000 - 0x00007ffb48abd000 	C:\Windows\SYSTEM32\ntdll.dll
0x00007ffb46c60000 - 0x00007ffb46d9e000 	C:\Windows\system32\KERNEL32.DLL
0x00007ffb45d60000 - 0x00007ffb45e75000 	C:\Windows\system32\KERNELBASE.dll
0x00007ffb44600000 - 0x00007ffb4468e000 	C:\Windows\system32\apphelp.dll
0x00007ffb30140000 - 0x00007ffb30193000 	C:\Windows\AppPatch\AppPatch64\AcGenral.DLL
0x00007ffb46840000 - 0x00007ffb468ea000 	C:\Windows\system32\msvcrt.dll
0x00007ffb45890000 - 0x00007ffb458be000 	C:\Windows\SYSTEM32\SspiCli.dll
0x00007ffb46350000 - 0x00007ffb463a4000 	C:\Windows\system32\SHLWAPI.dll
0x00007ffb48790000 - 0x00007ffb48907000 	C:\Windows\system32\USER32.dll
0x00007ffb46040000 - 0x00007ffb461d4000 	C:\Windows\system32\ole32.dll
0x00007ffb47250000 - 0x00007ffb4877a000 	C:\Windows\system32\SHELL32.dll
0x00007ffb45060000 - 0x00007ffb45081000 	C:\Windows\SYSTEM32\USERENV.dll
0x00007ffb461e0000 - 0x00007ffb4628a000 	C:\Windows\system32\ADVAPI32.dll
0x00007ffb389c0000 - 0x00007ffb389de000 	C:\Windows\SYSTEM32\MPR.dll
0x00007ffb47100000 - 0x00007ffb47241000 	C:\Windows\system32\RPCRT4.dll
0x00007ffb465a0000 - 0x00007ffb465f9000 	C:\Windows\SYSTEM32\sechost.dll
0x00007ffb46610000 - 0x00007ffb46821000 	C:\Windows\SYSTEM32\combase.dll
0x00007ffb46960000 - 0x00007ffb46ab0000 	C:\Windows\system32\GDI32.dll
0x00007ffb45a60000 - 0x00007ffb45a75000 	C:\Windows\SYSTEM32\profapi.dll
0x00007ffb43f80000 - 0x00007ffb44032000 	C:\Windows\SYSTEM32\SHCORE.dll
0x00007ffb45f90000 - 0x00007ffb45fc6000 	C:\Windows\system32\IMM32.DLL
0x00007ffb46da0000 - 0x00007ffb46ef2000 	C:\Windows\system32\MSCTF.dll
0x00007ffb436a0000 - 0x00007ffb4391b000 	C:\Windows\WinSxS\amd64_microsoft.windows.common-controls_6595b64144ccf1df_6.0.9600.18006_none_623f33d3ecbe86e8\COMCTL32.dll
0x000000006d730000 - 0x000000006d802000 	C:\Users\Foster\Desktop\runtime\jre-x64\1.8.0_25\bin\msvcr100.dll
0x000000006b7a0000 - 0x000000006bffa000 	C:\Users\Foster\Desktop\runtime\jre-x64\1.8.0_25\bin\server\jvm.dll
0x00007ffb3ec80000 - 0x00007ffb3ec89000 	C:\Windows\SYSTEM32\WSOCK32.dll
0x00007ffb43280000 - 0x00007ffb432a2000 	C:\Windows\SYSTEM32\WINMM.dll
0x00007ffb46600000 - 0x00007ffb46607000 	C:\Windows\system32\PSAPI.DLL
0x00007ffb46540000 - 0x00007ffb4659a000 	C:\Windows\system32\WS2_32.dll
0x00007ffb43210000 - 0x00007ffb4323a000 	C:\Windows\SYSTEM32\WINMMBASE.dll
0x00007ffb46830000 - 0x00007ffb46839000 	C:\Windows\system32\NSI.dll
0x00007ffb45d10000 - 0x00007ffb45d5f000 	C:\Windows\SYSTEM32\cfgmgr32.dll
0x00007ffb44880000 - 0x00007ffb448a8000 	C:\Windows\SYSTEM32\DEVOBJ.dll
0x000000006d720000 - 0x000000006d72f000 	C:\Users\Foster\Desktop\runtime\jre-x64\1.8.0_25\bin\verify.dll
0x000000006d6f0000 - 0x000000006d718000 	C:\Users\Foster\Desktop\runtime\jre-x64\1.8.0_25\bin\java.dll
0x000000006d6d0000 - 0x000000006d6e6000 	C:\Users\Foster\Desktop\runtime\jre-x64\1.8.0_25\bin\zip.dll
0x000000006d6c0000 - 0x000000006d6cd000 	C:\Users\Foster\Desktop\runtime\jre-x64\1.8.0_25\bin\management.dll
0x000000006d6a0000 - 0x000000006d6ba000 	C:\Users\Foster\Desktop\runtime\jre-x64\1.8.0_25\bin\net.dll
0x00007ffb452d0000 - 0x00007ffb45329000 	C:\Windows\system32\mswsock.dll
0x000000006d680000 - 0x000000006d691000 	C:\Users\Foster\Desktop\runtime\jre-x64\1.8.0_25\bin\nio.dll
0x00007ffb3c310000 - 0x00007ffb3c325000 	C:\Windows\system32\napinsp.dll
0x00007ffb3c2f0000 - 0x00007ffb3c30a000 	C:\Windows\system32\pnrpnsp.dll
0x00007ffb42330000 - 0x00007ffb4234b000 	C:\Windows\system32\NLAapi.dll
0x00007ffb450d0000 - 0x00007ffb45174000 	C:\Windows\SYSTEM32\DNSAPI.dll
0x00007ffb3c2e0000 - 0x00007ffb3c2ed000 	C:\Windows\System32\winrnr.dll
0x00007ffb3c3a0000 - 0x00007ffb3c3aa000 	C:\Windows\System32\rasadhlp.dll
0x00007ffb40dc0000 - 0x00007ffb40dea000 	C:\Windows\SYSTEM32\IPHLPAPI.DLL
0x00007ffb40da0000 - 0x00007ffb40daa000 	C:\Windows\SYSTEM32\WINNSI.DLL
0x00007ffb40c60000 - 0x00007ffb40ccb000 	C:\Windows\System32\fwpuclnt.dll
0x000000006d280000 - 0x000000006d297000 	C:\Users\Foster\Desktop\runtime\jre-x64\1.8.0_25\bin\unpack.dll
0x000000006b600000 - 0x000000006b798000 	C:\Users\Foster\Desktop\runtime\jre-x64\1.8.0_25\bin\awt.dll
0x00007ffb463b0000 - 0x00007ffb46471000 	C:\Windows\system32\OLEAUT32.dll
0x00007ffb446d0000 - 0x00007ffb447f9000 	C:\Windows\system32\uxtheme.dll
0x00007ffb2e290000 - 0x00007ffb2e2b8000 	C:\Program Files (x86)\Raptr\ltc_help64-105773.dll
0x00007ffb45f30000 - 0x00007ffb45f81000 	C:\Windows\system32\WINTRUST.dll
0x00007ffb45b30000 - 0x00007ffb45d0f000 	C:\Windows\system32\CRYPT32.dll
0x00007ffb45b10000 - 0x00007ffb45b21000 	C:\Windows\system32\MSASN1.dll
0x00007ffb445b0000 - 0x00007ffb445d1000 	C:\Windows\system32\dwmapi.dll
0x00007ffb44850000 - 0x00007ffb4485b000 	C:\Windows\SYSTEM32\kernel.appcore.dll
0x00007ffb45930000 - 0x00007ffb4593b000 	C:\Windows\SYSTEM32\CRYPTBASE.dll
0x00007ffb458c0000 - 0x00007ffb45923000 	C:\Windows\SYSTEM32\bcryptPrimitives.dll
0x000000006d630000 - 0x000000006d677000 	C:\Users\Foster\Desktop\runtime\jre-x64\1.8.0_25\bin\fontmanager.dll
0x00007ffb2f1e0000 - 0x00007ffb2f401000 	C:\Windows\system32\d3d9.dll
0x00007ffb432b0000 - 0x00007ffb432ba000 	C:\Windows\SYSTEM32\VERSION.dll
0x00007ffb45a00000 - 0x00007ffb45a46000 	C:\Windows\SYSTEM32\POWRPROF.dll
0x000000006d5e0000 - 0x000000006d621000 	C:\Users\Foster\Desktop\runtime\jre-x64\1.8.0_25\bin\t2k.dll
0x0000000180000000 - 0x0000000180051000 	C:\Users\Foster\AppData\Roaming\.minecraft\versions\1.7.10-Forge10.13.4.1558-1.7.10\1.7.10-Forge10.13.4.1558-1.7.10-natives-87583794246897\lwjgl64.dll
0x00007ffb2def0000 - 0x00007ffb2e01b000 	C:\Windows\SYSTEM32\OPENGL32.dll
0x00007ffb30110000 - 0x00007ffb3013e000 	C:\Windows\SYSTEM32\GLU32.dll
0x00007ffb2e2c0000 - 0x00007ffb2e3b8000 	C:\Windows\SYSTEM32\DDRAW.dll
0x00007ffb389b0000 - 0x00007ffb389b9000 	C:\Windows\SYSTEM32\DCIMAN32.dll
0x00007ffb45330000 - 0x00007ffb45350000 	C:\Windows\SYSTEM32\CRYPTSP.dll
0x00007ffb44f50000 - 0x00007ffb44f86000 	C:\Windows\system32\rsaenh.dll
0x00007ffb45580000 - 0x00007ffb455a6000 	C:\Windows\SYSTEM32\bcrypt.dll
0x00007ffb40bd0000 - 0x00007ffb40be6000 	C:\Windows\SYSTEM32\dhcpcsvc6.DLL
0x00007ffb40bb0000 - 0x00007ffb40bca000 	C:\Windows\SYSTEM32\dhcpcsvc.DLL
0x00007ffb38910000 - 0x00007ffb38928000 	C:\Windows\SYSTEM32\atig6pxx.dll
0x0000000067b20000 - 0x00000000698c3000 	C:\Windows\SYSTEM32\atio6axx.dll
0x00007ffb46f20000 - 0x00007ffb470fa000 	C:\Windows\system32\SETUPAPI.dll
0x00007ffb2e5a0000 - 0x00007ffb2e6e8000 	C:\Windows\SYSTEM32\atiadlxx.dll
0x00007ffb41790000 - 0x00007ffb4190f000 	C:\Windows\SYSTEM32\PROPSYS.dll
0x00007ffb445e0000 - 0x00007ffb445f2000 	C:\Windows\SYSTEM32\WTSAPI32.dll
0x00007ffb300e0000 - 0x00007ffb3010c000 	C:\Windows\SYSTEM32\atig6txx.dll
0x00007ffb2d9a0000 - 0x00007ffb2da32000 	C:\Windows\SYSTEM32\mscms.dll
0x00007ffb30090000 - 0x00007ffb300d1000 	C:\Windows\SYSTEM32\icm32.dll
0x0000000070a40000 - 0x0000000070adc000 	C:\Users\Foster\AppData\Roaming\.minecraft\versions\1.7.10-Forge10.13.4.1558-1.7.10\1.7.10-Forge10.13.4.1558-1.7.10-natives-87583794246897\avutil-ttv-51.dll
0x0000000065980000 - 0x00000000659d6000 	C:\Users\Foster\AppData\Roaming\.minecraft\versions\1.7.10-Forge10.13.4.1558-1.7.10\1.7.10-Forge10.13.4.1558-1.7.10-natives-87583794246897\swresample-ttv-0.dll
0x000000006eb80000 - 0x000000006ec50000 	C:\Users\Foster\AppData\Roaming\.minecraft\versions\1.7.10-Forge10.13.4.1558-1.7.10\1.7.10-Forge10.13.4.1558-1.7.10-natives-87583794246897\libmp3lame-ttv.dll
0x00007ffb21c10000 - 0x00007ffb22fb4000 	C:\Users\Foster\AppData\Roaming\.minecraft\versions\1.7.10-Forge10.13.4.1558-1.7.10\1.7.10-Forge10.13.4.1558-1.7.10-natives-87583794246897\libmfxsw64.dll
0x00007ffb2b4a0000 - 0x00007ffb2b5cb000 	C:\Users\Foster\AppData\Roaming\.minecraft\versions\1.7.10-Forge10.13.4.1558-1.7.10\1.7.10-Forge10.13.4.1558-1.7.10-natives-87583794246897\twitchsdk.dll
0x00007ffb3ecf0000 - 0x00007ffb3ef73000 	C:\Windows\SYSTEM32\WININET.dll
0x00007ffb3ef80000 - 0x00007ffb3f249000 	C:\Windows\SYSTEM32\iertutil.dll
0x00007ffb46f00000 - 0x00007ffb46f16000 	C:\Windows\system32\imagehlp.dll
0x00007ffb45550000 - 0x00007ffb45575000 	C:\Windows\system32\ncrypt.dll
0x00007ffb45510000 - 0x00007ffb45547000 	C:\Windows\system32\NTASN1.dll
0x00007ffb44bf0000 - 0x00007ffb44c14000 	C:\Windows\SYSTEM32\gpapi.dll
0x00007ffb3ac70000 - 0x00007ffb3aca9000 	C:\Windows\System32\cryptnet.dll
0x00007ffb45fe0000 - 0x00007ffb4603c000 	C:\Windows\system32\WLDAP32.dll
0x00007ffb2b5d0000 - 0x00007ffb2b818000 	C:\PROGRA~2\Raptr\ltc_game64-105773.dll
0x000000006d2a0000 - 0x000000006d2c4000 	C:\Users\Foster\Desktop\runtime\jre-x64\1.8.0_25\bin\sunec.dll
0x0000000020c00000 - 0x0000000020c64000 	C:\Users\Foster\AppData\Roaming\.minecraft\versions\1.7.10-Forge10.13.4.1558-1.7.10\1.7.10-Forge10.13.4.1558-1.7.10-natives-87583794246897\OpenAL64.dll
0x00007ffb46290000 - 0x00007ffb46346000 	C:\Windows\SYSTEM32\clbcatq.dll
0x00007ffb430f0000 - 0x00007ffb43160000 	C:\Windows\System32\MMDevApi.dll
0x00007ffb2f490000 - 0x00007ffb2f52d000 	C:\Windows\SYSTEM32\dsound.dll
0x00007ffb3db20000 - 0x00007ffb3db9e000 	C:\Windows\SYSTEM32\AUDIOSES.DLL
0x00007ffb3cfd0000 - 0x00007ffb3d159000 	C:\Windows\SYSTEM32\dbghelp.dll

VM Arguments:
jvm_args: -XX:HeapDumpPath=MojangTricksIntelDriversForPerformance_javaw.exe_minecraft.exe.heapdump -Xmx1G -XX:+UseConcMarkSweepGC -XX:+CMSIncrementalMode -XX:-UseAdaptiveSizePolicy -Xmn128M -Djava.library.path=C:\Users\Foster\AppData\Roaming\.minecraft\versions\1.7.10-Forge10.13.4.1558-1.7.10\1.7.10-Forge10.13.4.1558-1.7.10-natives-87583794246897 
java_command: net.minecraft.launchwrapper.Launch --username Da_Mini_Moose --version 1.7.10-Forge10.13.4.1558-1.7.10 --gameDir C:\Users\Foster\AppData\Roaming\.minecraft --assetsDir C:\Users\Foster\AppData\Roaming\.minecraft\assets --assetIndex 1.7.10 --uuid 253a3ba5c54740cdaa3e4fdecde6fcee --accessToken 5d786e58e0a5430f976e271d4ac1b838 --userProperties {preferredLanguage:[en]} --userType mojang --tweakClass cpw.mods.fml.common.launcher.FMLTweaker --nativeLauncherVersion 301
java_class_path (initial): C:\Users\Foster\AppData\Roaming\.minecraft\libraries\net\minecraftforge\forge\1.7.10-10.13.4.1558-1.7.10\forge-1.7.10-10.13.4.1558-1.7.10.jar;C:\Users\Foster\AppData\Roaming\.minecraft\libraries\net\minecraft\launchwrapper\1.12\launchwrapper-1.12.jar;C:\Users\Foster\AppData\Roaming\.minecraft\libraries\org\ow2\asm\asm-all\5.0.3\asm-all-5.0.3.jar;C:\Users\Foster\AppData\Roaming\.minecraft\libraries\com\typesafe\akka\akka-actor_2.11\2.3.3\akka-actor_2.11-2.3.3.jar;C:\Users\Foster\AppData\Roaming\.minecraft\libraries\com\typesafe\config\1.2.1\config-1.2.1.jar;C:\Users\Foster\AppData\Roaming\.minecraft\libraries\org\scala-lang\scala-actors-migration_2.11\1.1.0\scala-actors-migration_2.11-1.1.0.jar;C:\Users\Foster\AppData\Roaming\.minecraft\libraries\org\scala-lang\scala-compiler\2.11.1\scala-compiler-2.11.1.jar;C:\Users\Foster\AppData\Roaming\.minecraft\libraries\org\scala-lang\plugins\scala-continuations-library_2.11\1.0.2\scala-continuations-library_2.11-1.0.2.jar;C:\Users\Foster\AppData\Roaming\.minecraft\libraries\org\scala-lang\plugins\scala-continuations-plugin_2.11.1\1.0.2\scala-continuations-plugin_2.11.1-1.0.2.jar;C:\Users\Foster\AppData\Roaming\.minecraft\libraries\org\scala-lang\scala-library\2.11.1\scala-library-2.11.1.jar;C:\Users\Foster\AppData\Roaming\.minecraft\libraries\org\scala-lang\scala-parser-combinators_2.11\1.0.1\scala-parser-combinators_2.11-1.0.1.jar;C:\Users\Foster\AppData\Roaming\.minecraft\libraries\org\scala-lang\scala-reflect\2.11.1\scala-reflect-2.11.1.jar;C:\Users\Foster\AppData\Roaming\.minecraft\libraries\org\scala-lang\scala-swing_2.11\1.0.1\scala-swing_2.11-1.0.1.jar;C:\Users\Foster\AppData\Roaming\.minecraft\libraries\org\scala-lang\scala-xml_2.11\1.0.2\scala-xml_2.11-1.0.2.jar;C:\Users\Foster\AppData\Roaming\.minecraft\libraries\lzma\lzma\0.0.1\lzma-0.0.1.jar;C:\Users\Foster\AppData\Roaming\.minecraft\libraries\net\sf\jopt-simple\jopt-simple\4.5\jopt-simple-4.5.jar;C:\Users\Foster\AppData\Roaming\.minec
Launcher Type: SUN_STANDARD

Environment Variables:
PATH=C:\Program Files (x86)\NVIDIA Corporation\PhysX\Common;C:\ProgramData\Oracle\Java\javapath;C:\Program Files (x86)\Intel\iCLS Client\;C:\Program Files\Intel\iCLS Client\;C:\Windows\system32;C:\Windows;C:\Windows\System32\Wbem;C:\Windows\System32\WindowsPowerShell\v1.0\;C:\Program Files (x86)\ATI Technologies\ATI.ACE\Core-Static;C:\Program Files\Intel\Intel(R) Management Engine Components\DAL;C:\Program Files (x86)\Intel\Intel(R) Management Engine Components\DAL;C:\Program Files\Intel\Intel(R) Management Engine Components\IPT;C:\Program Files (x86)\Intel\Intel(R) Management Engine Components\IPT;C:\Program Files (x86)\AMD\ATI.ACE\Core-Static;C:\Program Files\Git\cmd
USERNAME=Foster
OS=Windows_NT
PROCESSOR_IDENTIFIER=Intel64 Family 6 Model 60 Stepping 3, GenuineIntel



---------------  S Y S T E M  ---------------

OS: Windows 8.1 , 64 bit Build 9600 

CPU:total 8 (4 cores per cpu, 2 threads per core) family 6 model 60 stepping 3, cmov, cx8, fxsr, mmx, sse, sse2, sse3, ssse3, sse4.1, sse4.2, popcnt, avx, avx2, aes, clmul, erms, lzcnt, ht, tsc, tscinvbit, bmi1, bmi2

Memory: 4k page, physical 8336572k(3149804k free), swap 10981616k(2169816k free)

vm_info: Java HotSpot(TM) 64-Bit Server VM (25.25-b02) for windows-amd64 JRE (1.8.0_25-b18), built on Oct  7 2014 14:25:37 by "java_re" with MS VC++ 10.0 (VS2010)

time: Tue Apr 19 23:14:27 2016
elapsed time: 921 seconds (0d 0h 15m 21s)

