#
# A fatal error has been detected by the Java Runtime Environment:
#
#  EXCEPTION_ACCESS_VIOLATION (0xc0000005) at pc=0x00007ffb2f79aea4, pid=120, tid=520
#
# JRE version: Java(TM) SE Runtime Environment (8.0_25-b18) (build 1.8.0_25-b18)
# Java VM: Java HotSpot(TM) 64-Bit Server VM (25.25-b02 mixed mode windows-amd64 compressed oops)
# Problematic frame:
# C  [OPENGL32.dll+0xeaea4]
#
# Failed to write core dump. Minidumps are not enabled by default on client versions of Windows
#
# If you would like to submit a bug report, please visit:
#   http://bugreport.sun.com/bugreport/crash.jsp
#

---------------  T H R E A D  ---------------

Current thread (0x0000000016b9a800):  VMThread [stack: 0x00000000173e0000,0x00000000174e0000] [id=520]

siginfo: ExceptionCode=0xc0000005, reading address 0x0000000000000a38

Registers:
RAX=0x0000000000000000, RBX=0x0000000020b837a0, RCX=0x0000000000000001, RDX=0x0000000020b837a8
RSP=0x00000000174df278, RBP=0x0000000000000000, RSI=0x0000000020b86d00, RDI=0x0000000020b86d00
R8 =0x00000000174df2f8, R9 =0x0000000016b0b2f0, R10=0x00007ffb2f79ae90, R11=0xffffffffffffffff
R12=0x0000000000000000, R13=0x000000001cbe8020, R14=0x000000001cbe7ed0, R15=0x0000000000000000
RIP=0x00007ffb2f79aea4, EFLAGS=0x0000000000010283

Top of Stack: (sp=0x00000000174df278)
0x00000000174df278:   00007ffb2b6326cb 0000000000000001
0x00000000174df288:   0000000020b837a8 00000000174df2f8
0x00000000174df298:   0000000016b0b2f0 0000000000000000
0x00000000174df2a8:   00007ffb2b638197 0000000043460b00
0x00000000174df2b8:   000000001d6aa460 000000001cbe8000
0x00000000174df2c8:   00007ffb2b637503 fffffffffffffffe
0x00000000174df2d8:   00000000174df340 0000000000000000
0x00000000174df2e8:   00007ffb2b638a49 0000000020b86d00
0x00000000174df2f8:   000000001cbece60 00007ffb2b7217b0
0x00000000174df308:   00007ffb2b6b5568 fffffffffffffffe
0x00000000174df318:   000000001cbea520 0000000000000001
0x00000000174df328:   000000001cbe7ff8 000000001cbe7ed0
0x00000000174df338:   00007ffb2b6bd61d 00007ffb2b7f65b0
0x00000000174df348:   00007ffb2b7217a0 0000000016b0b2f0
0x00000000174df358:   00007ffb48973d07 000000001cbe7ff8
0x00000000174df368:   000000001cbe7ed0 000000001cbe7ed0 

Instructions: (pc=0x00007ffb2f79aea4)
0x00007ffb2f79ae84:   cc cc cc cc cc cc 66 0f 1f 44 00 00 8b 05 72 f1
0x00007ffb2f79ae94:   00 00 83 f8 40 73 0f 65 48 8b 04 c5 80 14 00 00
0x00007ffb2f79aea4:   ff a0 38 0a 00 00 b8 47 01 00 00 e9 ec d4 ff ff
0x00007ffb2f79aeb4:   cc cc cc cc cc cc 66 0f 1f 44 00 00 8b 05 42 f1 


Register to memory mapping:

RAX=
[error occurred during error reporting (printing register info), id 0xc0000005]

Stack: [0x00000000173e0000,0x00000000174e0000],  sp=0x00000000174df278,  free space=1020k
Native frames: (J=compiled Java code, j=interpreted, Vv=VM code, C=native code)

VM_Operation (0x00000000026be990): Exit, mode: safepoint, requested by thread 0x00000000026d4000


---------------  P R O C E S S  ---------------

Java Threads: ( => current thread )
  0x000000001b6f6800 JavaThread "AWT-Shutdown" [_thread_blocked, id=5420, stack(0x000000001d020000,0x000000001d120000)]
  0x000000001b6f4000 JavaThread "JM-texture-4" [_thread_blocked, id=3360, stack(0x0000000048300000,0x0000000048400000)]
  0x0000000017712800 JavaThread "JM-texture-3" [_thread_blocked, id=2608, stack(0x0000000047db0000,0x0000000047eb0000)]
  0x0000000017714000 JavaThread "File IO Thread" [_thread_blocked, id=3644, stack(0x0000000046190000,0x0000000046290000)]
  0x000000001954b000 JavaThread "Netty Client IO #1" daemon [_thread_blocked, id=3300, stack(0x0000000045690000,0x0000000045790000)]
  0x0000000019549800 JavaThread "Netty Client IO #0" daemon [_thread_blocked, id=8024, stack(0x0000000044e40000,0x0000000044f40000)]
  0x000000001954a800 JavaThread "Thread-17" daemon [_thread_in_native, id=2168, stack(0x000000002a600000,0x000000002a700000)]
  0x0000000019544800 JavaThread "Server Pinger #0" daemon [_thread_blocked, id=7616, stack(0x000000001d960000,0x000000001da60000)]
  0x0000000019546000 JavaThread "ic2-poolthread-2" daemon [_thread_blocked, id=5048, stack(0x0000000025750000,0x0000000025850000)]
  0x000000001953c000 JavaThread "ic2-poolthread-1" daemon [_thread_blocked, id=3904, stack(0x000000001d250000,0x000000001d350000)]
  0x000000001953d000 JavaThread "Thread-9" [_thread_blocked, id=5496, stack(0x000000002a500000,0x000000002a600000)]
  0x0000000017717800 JavaThread "LWJGL Timer" daemon [_thread_blocked, id=1132, stack(0x000000002a400000,0x000000002a500000)]
  0x0000000021f98800 JavaThread "Timer hack thread" daemon [_thread_blocked, id=3296, stack(0x000000001cf20000,0x000000001d020000)]
  0x000000001bd7a800 JavaThread "Snooper Timer" daemon [_thread_blocked, id=3076, stack(0x000000001cc20000,0x000000001cd20000)]
  0x000000001b594800 JavaThread "Java2D Disposer" daemon [_thread_blocked, id=5564, stack(0x000000001c270000,0x000000001c370000)]
  0x00000000177a5000 JavaThread "Service Thread" daemon [_thread_blocked, id=7220, stack(0x00000000181f0000,0x00000000182f0000)]
  0x0000000017711000 JavaThread "C1 CompilerThread3" daemon [_thread_blocked, id=808, stack(0x00000000180f0000,0x00000000181f0000)]
  0x0000000017711800 JavaThread "C2 CompilerThread2" daemon [_thread_blocked, id=3536, stack(0x0000000017ff0000,0x00000000180f0000)]
  0x000000001770f800 JavaThread "C2 CompilerThread1" daemon [_thread_blocked, id=212, stack(0x0000000017ef0000,0x0000000017ff0000)]
  0x000000001770c000 JavaThread "C2 CompilerThread0" daemon [_thread_blocked, id=4488, stack(0x0000000017df0000,0x0000000017ef0000)]
  0x000000001770a000 JavaThread "Attach Listener" daemon [_thread_blocked, id=7368, stack(0x0000000017cf0000,0x0000000017df0000)]
  0x00000000176fd000 JavaThread "Signal Dispatcher" daemon [_thread_blocked, id=4216, stack(0x0000000017bf0000,0x0000000017cf0000)]
  0x00000000176fc800 JavaThread "Surrogate Locker Thread (Concurrent GC)" daemon [_thread_blocked, id=6216, stack(0x0000000017af0000,0x0000000017bf0000)]
  0x0000000016ba7000 JavaThread "Finalizer" daemon [_thread_blocked, id=4168, stack(0x00000000175e0000,0x00000000176e0000)]
  0x0000000016ba0800 JavaThread "Reference Handler" daemon [_thread_blocked, id=6580, stack(0x00000000174e0000,0x00000000175e0000)]
  0x00000000026d4000 JavaThread "Client thread" [_thread_blocked, id=7996, stack(0x00000000025c0000,0x00000000026c0000)]

Other Threads:
=>0x0000000016b9a800 VMThread [stack: 0x00000000173e0000,0x00000000174e0000] [id=520]

VM state:at safepoint (shutting down)

VM Mutex/Monitor currently owned by a thread:  ([mutex/lock_event])
[0x00000000026d0dd0] Threads_lock - owner thread: 0x0000000016b9a800

Heap:
 par new generation   total 118016K, used 18820K [0x00000000c0000000, 0x00000000c8000000, 0x00000000c8000000)
  eden space 104960K,  17% used [0x00000000c0000000, 0x00000000c1261038, 0x00000000c6680000)
  from space 13056K,   0% used [0x00000000c7340000, 0x00000000c7340000, 0x00000000c8000000)
  to   space 13056K,   0% used [0x00000000c6680000, 0x00000000c6680000, 0x00000000c7340000)
 concurrent mark-sweep generation total 917504K, used 778548K [0x00000000c8000000, 0x0000000100000000, 0x0000000100000000)
 Metaspace       used 83398K, capacity 83869K, committed 84992K, reserved 1122304K
  class space    used 11027K, capacity 11134K, committed 11264K, reserved 1048576K

Card table byte_map: [0x00000000123a0000,0x00000000125b0000] byte_map_base: 0x0000000011da0000

Marking Bits: (CMSBitMap*) 0x00000000027642f8
 Bits: [0x0000000013000000, 0x0000000013e00000)

Mod Union Table: (CMSBitMap*) 0x00000000027643b8
 Bits: [0x0000000013e10000, 0x0000000013e48000)

Polling page: 0x0000000002550000

CodeCache: size=245760Kb used=49992Kb max_used=50219Kb free=195767Kb
 bounds [0x00000000027e0000, 0x0000000005940000, 0x00000000117e0000]
 total_blobs=12628 nmethods=11372 adapters=1165
 compilation: enabled

Compilation events (10 events):
Event: 336.588 Thread 0x0000000017711000 16787       1       journeymap.client.model.ImageHolder::isDirty (5 bytes)
Event: 336.588 Thread 0x0000000017711000 nmethod 16787 0x0000000005705410 code [0x0000000005705560, 0x0000000005705670]
Event: 336.588 Thread 0x0000000017711000 16788       3       java.util.logging.LogManager$LoggerContext::getRootLogger (8 bytes)
Event: 336.588 Thread 0x0000000017711000 nmethod 16788 0x0000000005705010 code [0x0000000005705160, 0x0000000005705370]
Event: 336.588 Thread 0x0000000017711000 16789       3       java.util.logging.LogManager$LoggerContext::getGlobalLogger (6 bytes)
Event: 336.588 Thread 0x0000000017711000 nmethod 16789 0x0000000005701690 code [0x00000000057017e0, 0x0000000005701930]
Event: 336.589 Thread 0x0000000017711000 16790       3       org.apache.logging.log4j.core.config.BaseConfiguration::getLoggerConfig (70 bytes)
Event: 336.589 Thread 0x0000000017711000 nmethod 16790 0x0000000005700490 code [0x00000000057006a0, 0x00000000057012d8]
Event: 336.589 Thread 0x0000000017711000 16791       3       org.apache.logging.log4j.core.Logger$PrivateConfig::<init> (56 bytes)
Event: 336.590 Thread 0x0000000017711000 nmethod 16791 0x00000000056ffc50 code [0x00000000056ffdc0, 0x00000000057002a8]

GC Heap History (10 events):
Event: 323.958 GC heap before
{Heap before GC invocations=249 (full 30):
 par new generation   total 118016K, used 108716K [0x00000000c0000000, 0x00000000c8000000, 0x00000000c8000000)
  eden space 104960K, 100% used [0x00000000c0000000, 0x00000000c6680000, 0x00000000c6680000)
  from space 13056K,  28% used [0x00000000c7340000, 0x00000000c76eb0d0, 0x00000000c8000000)
  to   space 13056K,   0% used [0x00000000c6680000, 0x00000000c6680000, 0x00000000c7340000)
 concurrent mark-sweep generation total 917504K, used 795228K [0x00000000c8000000, 0x0000000100000000, 0x0000000100000000)
 Metaspace       used 83510K, capacity 84051K, committed 84736K, reserved 1122304K
  class space    used 11046K, capacity 11175K, committed 11264K, reserved 1048576K
Event: 323.960 GC heap after
Heap after GC invocations=250 (full 30):
 par new generation   total 118016K, used 5910K [0x00000000c0000000, 0x00000000c8000000, 0x00000000c8000000)
  eden space 104960K,   0% used [0x00000000c0000000, 0x00000000c0000000, 0x00000000c6680000)
  from space 13056K,  45% used [0x00000000c6680000, 0x00000000c6c45a70, 0x00000000c7340000)
  to   space 13056K,   0% used [0x00000000c7340000, 0x00000000c7340000, 0x00000000c8000000)
 concurrent mark-sweep generation total 917504K, used 795228K [0x00000000c8000000, 0x0000000100000000, 0x0000000100000000)
 Metaspace       used 83510K, capacity 84051K, committed 84736K, reserved 1122304K
  class space    used 11046K, capacity 11175K, committed 11264K, reserved 1048576K
}
Event: 326.091 GC heap before
{Heap before GC invocations=250 (full 30):
 par new generation   total 118016K, used 110870K [0x00000000c0000000, 0x00000000c8000000, 0x00000000c8000000)
  eden space 104960K, 100% used [0x00000000c0000000, 0x00000000c6680000, 0x00000000c6680000)
  from space 13056K,  45% used [0x00000000c6680000, 0x00000000c6c45a70, 0x00000000c7340000)
  to   space 13056K,   0% used [0x00000000c7340000, 0x00000000c7340000, 0x00000000c8000000)
 concurrent mark-sweep generation total 917504K, used 795228K [0x00000000c8000000, 0x0000000100000000, 0x0000000100000000)
 Metaspace       used 83512K, capacity 84051K, committed 84736K, reserved 1122304K
  class space    used 11046K, capacity 11175K, committed 11264K, reserved 1048576K
Event: 326.094 GC heap after
Heap after GC invocations=251 (full 30):
 par new generation   total 118016K, used 6386K [0x00000000c0000000, 0x00000000c8000000, 0x00000000c8000000)
  eden space 104960K,   0% used [0x00000000c0000000, 0x00000000c0000000, 0x00000000c6680000)
  from space 13056K,  48% used [0x00000000c7340000, 0x00000000c797ca20, 0x00000000c8000000)
  to   space 13056K,   0% used [0x00000000c6680000, 0x00000000c6680000, 0x00000000c7340000)
 concurrent mark-sweep generation total 917504K, used 795228K [0x00000000c8000000, 0x0000000100000000, 0x0000000100000000)
 Metaspace       used 83512K, capacity 84051K, committed 84736K, reserved 1122304K
  class space    used 11046K, capacity 11175K, committed 11264K, reserved 1048576K
}
Event: 330.244 GC heap before
{Heap before GC invocations=251 (full 30):
 par new generation   total 118016K, used 111346K [0x00000000c0000000, 0x00000000c8000000, 0x00000000c8000000)
  eden space 104960K, 100% used [0x00000000c0000000, 0x00000000c6680000, 0x00000000c6680000)
  from space 13056K,  48% used [0x00000000c7340000, 0x00000000c797ca20, 0x00000000c8000000)
  to   space 13056K,   0% used [0x00000000c6680000, 0x00000000c6680000, 0x00000000c7340000)
 concurrent mark-sweep generation total 917504K, used 795228K [0x00000000c8000000, 0x0000000100000000, 0x0000000100000000)
 Metaspace       used 83522K, capacity 84115K, committed 84992K, reserved 1122304K
  class space    used 11046K, capacity 11175K, committed 11264K, reserved 1048576K
Event: 330.246 GC heap after
Heap after GC invocations=252 (full 30):
 par new generation   total 118016K, used 6047K [0x00000000c0000000, 0x00000000c8000000, 0x00000000c8000000)
  eden space 104960K,   0% used [0x00000000c0000000, 0x00000000c0000000, 0x00000000c6680000)
  from space 13056K,  46% used [0x00000000c6680000, 0x00000000c6c67c80, 0x00000000c7340000)
  to   space 13056K,   0% used [0x00000000c7340000, 0x00000000c7340000, 0x00000000c8000000)
 concurrent mark-sweep generation total 917504K, used 795228K [0x00000000c8000000, 0x0000000100000000, 0x0000000100000000)
 Metaspace       used 83522K, capacity 84115K, committed 84992K, reserved 1122304K
  class space    used 11046K, capacity 11175K, committed 11264K, reserved 1048576K
}
Event: 332.381 GC heap before
{Heap before GC invocations=252 (full 30):
 par new generation   total 118016K, used 108574K [0x00000000c0000000, 0x00000000c8000000, 0x00000000c8000000)
  eden space 104960K,  97% used [0x00000000c0000000, 0x00000000c641fe28, 0x00000000c6680000)
  from space 13056K,  46% used [0x00000000c6680000, 0x00000000c6c67c80, 0x00000000c7340000)
  to   space 13056K,   0% used [0x00000000c7340000, 0x00000000c7340000, 0x00000000c8000000)
 concurrent mark-sweep generation total 917504K, used 795228K [0x00000000c8000000, 0x0000000100000000, 0x0000000100000000)
 Metaspace       used 83525K, capacity 84115K, committed 84992K, reserved 1122304K
  class space    used 11046K, capacity 11175K, committed 11264K, reserved 1048576K
Event: 332.383 GC heap after
Heap after GC invocations=253 (full 30):
 par new generation   total 118016K, used 3963K [0x00000000c0000000, 0x00000000c8000000, 0x00000000c8000000)
  eden space 104960K,   0% used [0x00000000c0000000, 0x00000000c0000000, 0x00000000c6680000)
  from space 13056K,  30% used [0x00000000c7340000, 0x00000000c771eff8, 0x00000000c8000000)
  to   space 13056K,   0% used [0x00000000c6680000, 0x00000000c6680000, 0x00000000c7340000)
 concurrent mark-sweep generation total 917504K, used 795228K [0x00000000c8000000, 0x0000000100000000, 0x0000000100000000)
 Metaspace       used 83525K, capacity 84115K, committed 84992K, reserved 1122304K
  class space    used 11046K, capacity 11175K, committed 11264K, reserved 1048576K
}
Event: 334.075 GC heap before
{Heap before GC invocations=253 (full 30):
 par new generation   total 118016K, used 38738K [0x00000000c0000000, 0x00000000c8000000, 0x00000000c8000000)
  eden space 104960K,  33% used [0x00000000c0000000, 0x00000000c21f5ae8, 0x00000000c6680000)
  from space 13056K,  30% used [0x00000000c7340000, 0x00000000c771eff8, 0x00000000c8000000)
  to   space 13056K,   0% used [0x00000000c6680000, 0x00000000c6680000, 0x00000000c7340000)
 concurrent mark-sweep generation total 917504K, used 795228K [0x00000000c8000000, 0x0000000100000000, 0x0000000100000000)
 Metaspace       used 83534K, capacity 84115K, committed 84992K, reserved 1122304K
  class space    used 11047K, capacity 11175K, committed 11264K, reserved 1048576K
Event: 334.979 GC heap after
Heap after GC invocations=254 (full 31):
 par new generation   total 118016K, used 0K [0x00000000c0000000, 0x00000000c8000000, 0x00000000c8000000)
  eden space 104960K,   0% used [0x00000000c0000000, 0x00000000c0000000, 0x00000000c6680000)
  from space 13056K,   0% used [0x00000000c7340000, 0x00000000c7340000, 0x00000000c8000000)
  to   space 13056K,   0% used [0x00000000c6680000, 0x00000000c6680000, 0x00000000c7340000)
 concurrent mark-sweep generation total 917504K, used 778548K [0x00000000c8000000, 0x0000000100000000, 0x0000000100000000)
 Metaspace       used 83380K, capacity 83869K, committed 84992K, reserved 1122304K
  class space    used 11024K, capacity 11134K, committed 11264K, reserved 1048576K
}

Deoptimization events (10 events):
Event: 335.054 Thread 0x00000000026d4000 Uncommon trap: reason=unreached action=reinterpret pc=0x0000000004b6a578 method=net.minecraft.client.renderer.EntityRenderer.func_78473_a(F)V @ 7
Event: 335.062 Thread 0x00000000026d4000 Uncommon trap: reason=unreached action=reinterpret pc=0x0000000004bad424 method=net.minecraft.client.renderer.texture.TextureClock.func_94219_l()V @ 23
Event: 335.062 Thread 0x00000000026d4000 Uncommon trap: reason=unreached action=reinterpret pc=0x00000000049ec7dc method=org.millenaire.client.texture.TextureAmuletAlchemist.getScore(Lnet/minecraft/client/Minecraft;)I @ 6
Event: 335.062 Thread 0x00000000026d4000 Uncommon trap: reason=unreached action=reinterpret pc=0x0000000004293fc0 method=org.millenaire.client.texture.TextureAmuletVishnu.getScore(Lnet/minecraft/client/Minecraft;)I @ 11
Event: 335.062 Thread 0x00000000026d4000 Uncommon trap: reason=unreached action=reinterpret pc=0x000000000324c10c method=org.millenaire.client.texture.TextureAmuletYddrasil.getScore(Lnet/minecraft/client/Minecraft;)I @ 6
Event: 335.087 Thread 0x00000000026d4000 Uncommon trap: reason=unreached action=reinterpret pc=0x000000000309c8a0 method=com.mia.props.events.ClientEventHandler.onClientTick(Lcpw/mods/fml/common/gameevent/TickEvent$ClientTickEvent;)V @ 29
Event: 335.087 Thread 0x00000000026d4000 Uncommon trap: reason=unreached action=reinterpret pc=0x0000000005323464 method=journeymap.client.forge.event.StateTickHandler.onClientTick(Lcpw/mods/fml/common/gameevent/TickEvent$ClientTickEvent;)V @ 30
Event: 335.487 Thread 0x00000000026d4000 Uncommon trap: reason=unreached action=reinterpret pc=0x0000000004331a60 method=journeymap.client.JourneymapClient.isMapping()Ljava/lang/Boolean; @ 14
Event: 336.588 Thread 0x000000001b6fb800 Uncommon trap: reason=null_check action=make_not_entrant pc=0x000000000307b04c method=java.util.jar.JarFile.getManifestFromReference()Ljava/util/jar/Manifest; @ 14
Event: 336.589 Thread 0x000000001b6ff800 Uncommon trap: reason=unreached action=reinterpret pc=0x00000000043c51fc method=java.util.concurrent.locks.ReentrantLock$Sync.nonfairTryAcquire(I)Z @ 34

Internal exceptions (10 events):
Event: 336.333 Thread 0x0000000019541800 Exception <a 'java/lang/InterruptedException': sleep interrupted> (0x00000000c0fc0d20) thrown at [D:\re\workspace\8-2-build-windows-amd64-cygwin\jdk8u25\1677\hotspot\src\share\vm\prims\jvm.cpp, line 3141]
Event: 336.333 Thread 0x0000000019541800 Exception <a 'java/lang/InterruptedException': sleep interrupted> (0x00000000c0fc0f20) thrown at [D:\re\workspace\8-2-build-windows-amd64-cygwin\jdk8u25\1677\hotspot\src\share\vm\prims\jvm.cpp, line 3141]
Event: 336.433 Thread 0x0000000019549000 Exception <a 'java/lang/InterruptedException': sleep interrupted> (0x00000000c0ed5920) thrown at [D:\re\workspace\8-2-build-windows-amd64-cygwin\jdk8u25\1677\hotspot\src\share\vm\prims\jvm.cpp, line 3141]
Event: 336.583 Thread 0x00000000026d4000 Exception <a 'java/security/PrivilegedActionException'> (0x00000000c003ddf0) thrown at [D:\re\workspace\8-2-build-windows-amd64-cygwin\jdk8u25\1677\hotspot\src\share\vm\prims\jvm.cpp, line 1312]
Event: 336.588 Thread 0x000000001b6fb800 Exception <a 'java/security/PrivilegedActionException'> (0x00000000c10af400) thrown at [D:\re\workspace\8-2-build-windows-amd64-cygwin\jdk8u25\1677\hotspot\src\share\vm\prims\jvm.cpp, line 1312]
Event: 336.588 Thread 0x000000001b6fb800 Implicit null exception at 0x0000000003079c5c to 0x000000000307b03d
Event: 336.589 Thread 0x000000001b6fb800 Exception <a 'java/security/PrivilegedActionException'> (0x00000000c10c4cf8) thrown at [D:\re\workspace\8-2-build-windows-amd64-cygwin\jdk8u25\1677\hotspot\src\share\vm\prims\jvm.cpp, line 1312]
Event: 336.589 Thread 0x000000001b6fb800 Exception <a 'java/security/PrivilegedActionException'> (0x00000000c10c80c0) thrown at [D:\re\workspace\8-2-build-windows-amd64-cygwin\jdk8u25\1677\hotspot\src\share\vm\prims\jvm.cpp, line 1312]
Event: 336.589 Thread 0x000000001b6ff800 Exception <a 'java/security/PrivilegedActionException'> (0x00000000c11077a0) thrown at [D:\re\workspace\8-2-build-windows-amd64-cygwin\jdk8u25\1677\hotspot\src\share\vm\prims\jvm.cpp, line 1312]
Event: 336.589 Thread 0x000000001b6ff800 Exception <a 'java/security/PrivilegedActionException'> (0x00000000c110ab68) thrown at [D:\re\workspace\8-2-build-windows-amd64-cygwin\jdk8u25\1677\hotspot\src\share\vm\prims\jvm.cpp, line 1312]

Events (10 events):
Event: 336.589 loading class javax/servlet/ServletContext
Event: 336.589 loading class javax/servlet/ServletContext done
Event: 336.589 Thread 0x000000001b6ff800 Uncommon trap: trap_request=0xffffffad fr.pc=0x00000000043c51fc
Event: 336.589 Thread 0x000000001b6ff800 DEOPT PACKING pc=0x00000000043c51fc sp=0x000000001e27ee60
Event: 336.589 Thread 0x000000001b6ff800 DEOPT UNPACKING pc=0x000000000282556a sp=0x000000001e27ede8 mode 2
Event: 336.589 Thread 0x000000001b6fb800 Thread exited: 0x000000001b6fb800
Event: 336.589 Thread 0x000000001b6ff800 Thread exited: 0x000000001b6ff800
Event: 336.628 Thread 0x0000000019158800 Thread exited: 0x0000000019158800
Event: 336.689 Thread 0x000000001b6fc800 Thread exited: 0x000000001b6fc800
Event: 336.689 Executing VM operation: Exit


Dynamic libraries:
0x00007ff66c280000 - 0x00007ff66c2b4000 	C:\Users\Foster\Desktop\runtime\jre-x64\1.8.0_25\bin\javaw.exe
0x00007ffb48910000 - 0x00007ffb48abd000 	C:\Windows\SYSTEM32\ntdll.dll
0x00007ffb46c60000 - 0x00007ffb46d9e000 	C:\Windows\system32\KERNEL32.DLL
0x00007ffb45d60000 - 0x00007ffb45e75000 	C:\Windows\system32\KERNELBASE.dll
0x00007ffb44600000 - 0x00007ffb4468e000 	C:\Windows\system32\apphelp.dll
0x00007ffb2e160000 - 0x00007ffb2e1b3000 	C:\Windows\AppPatch\AppPatch64\AcGenral.DLL
0x00007ffb46840000 - 0x00007ffb468ea000 	C:\Windows\system32\msvcrt.dll
0x00007ffb45890000 - 0x00007ffb458be000 	C:\Windows\SYSTEM32\SspiCli.dll
0x00007ffb46350000 - 0x00007ffb463a4000 	C:\Windows\system32\SHLWAPI.dll
0x00007ffb48790000 - 0x00007ffb48907000 	C:\Windows\system32\USER32.dll
0x00007ffb46040000 - 0x00007ffb461d4000 	C:\Windows\system32\ole32.dll
0x00007ffb47250000 - 0x00007ffb4877a000 	C:\Windows\system32\SHELL32.dll
0x00007ffb45060000 - 0x00007ffb45081000 	C:\Windows\SYSTEM32\USERENV.dll
0x00007ffb461e0000 - 0x00007ffb4628a000 	C:\Windows\system32\ADVAPI32.dll
0x00007ffb389c0000 - 0x00007ffb389de000 	C:\Windows\SYSTEM32\MPR.dll
0x00007ffb47100000 - 0x00007ffb47241000 	C:\Windows\system32\RPCRT4.dll
0x00007ffb465a0000 - 0x00007ffb465f9000 	C:\Windows\SYSTEM32\sechost.dll
0x00007ffb46610000 - 0x00007ffb46821000 	C:\Windows\SYSTEM32\combase.dll
0x00007ffb46960000 - 0x00007ffb46ab0000 	C:\Windows\system32\GDI32.dll
0x00007ffb45a60000 - 0x00007ffb45a75000 	C:\Windows\SYSTEM32\profapi.dll
0x00007ffb43f80000 - 0x00007ffb44032000 	C:\Windows\SYSTEM32\SHCORE.dll
0x00007ffb45f90000 - 0x00007ffb45fc6000 	C:\Windows\system32\IMM32.DLL
0x00007ffb46da0000 - 0x00007ffb46ef2000 	C:\Windows\system32\MSCTF.dll
0x00007ffb436a0000 - 0x00007ffb4391b000 	C:\Windows\WinSxS\amd64_microsoft.windows.common-controls_6595b64144ccf1df_6.0.9600.18006_none_623f33d3ecbe86e8\COMCTL32.dll
0x000000006d730000 - 0x000000006d802000 	C:\Users\Foster\Desktop\runtime\jre-x64\1.8.0_25\bin\msvcr100.dll
0x000000006b7a0000 - 0x000000006bffa000 	C:\Users\Foster\Desktop\runtime\jre-x64\1.8.0_25\bin\server\jvm.dll
0x00007ffb3ec80000 - 0x00007ffb3ec89000 	C:\Windows\SYSTEM32\WSOCK32.dll
0x00007ffb43280000 - 0x00007ffb432a2000 	C:\Windows\SYSTEM32\WINMM.dll
0x00007ffb46600000 - 0x00007ffb46607000 	C:\Windows\system32\PSAPI.DLL
0x00007ffb46540000 - 0x00007ffb4659a000 	C:\Windows\system32\WS2_32.dll
0x00007ffb43210000 - 0x00007ffb4323a000 	C:\Windows\SYSTEM32\WINMMBASE.dll
0x00007ffb46830000 - 0x00007ffb46839000 	C:\Windows\system32\NSI.dll
0x00007ffb45d10000 - 0x00007ffb45d5f000 	C:\Windows\SYSTEM32\cfgmgr32.dll
0x00007ffb44880000 - 0x00007ffb448a8000 	C:\Windows\SYSTEM32\DEVOBJ.dll
0x000000006d720000 - 0x000000006d72f000 	C:\Users\Foster\Desktop\runtime\jre-x64\1.8.0_25\bin\verify.dll
0x000000006d6f0000 - 0x000000006d718000 	C:\Users\Foster\Desktop\runtime\jre-x64\1.8.0_25\bin\java.dll
0x000000006d6d0000 - 0x000000006d6e6000 	C:\Users\Foster\Desktop\runtime\jre-x64\1.8.0_25\bin\zip.dll
0x000000006d6c0000 - 0x000000006d6cd000 	C:\Users\Foster\Desktop\runtime\jre-x64\1.8.0_25\bin\management.dll
0x000000006d6a0000 - 0x000000006d6ba000 	C:\Users\Foster\Desktop\runtime\jre-x64\1.8.0_25\bin\net.dll
0x00007ffb452d0000 - 0x00007ffb45329000 	C:\Windows\system32\mswsock.dll
0x000000006d680000 - 0x000000006d691000 	C:\Users\Foster\Desktop\runtime\jre-x64\1.8.0_25\bin\nio.dll
0x00007ffb3c310000 - 0x00007ffb3c325000 	C:\Windows\system32\napinsp.dll
0x00007ffb3c2f0000 - 0x00007ffb3c30a000 	C:\Windows\system32\pnrpnsp.dll
0x00007ffb42330000 - 0x00007ffb4234b000 	C:\Windows\system32\NLAapi.dll
0x00007ffb450d0000 - 0x00007ffb45174000 	C:\Windows\SYSTEM32\DNSAPI.dll
0x00007ffb3c2e0000 - 0x00007ffb3c2ed000 	C:\Windows\System32\winrnr.dll
0x00007ffb3c3a0000 - 0x00007ffb3c3aa000 	C:\Windows\System32\rasadhlp.dll
0x00007ffb40dc0000 - 0x00007ffb40dea000 	C:\Windows\SYSTEM32\IPHLPAPI.DLL
0x00007ffb40da0000 - 0x00007ffb40daa000 	C:\Windows\SYSTEM32\WINNSI.DLL
0x00007ffb40c60000 - 0x00007ffb40ccb000 	C:\Windows\System32\fwpuclnt.dll
0x000000006d280000 - 0x000000006d297000 	C:\Users\Foster\Desktop\runtime\jre-x64\1.8.0_25\bin\unpack.dll
0x000000006b600000 - 0x000000006b798000 	C:\Users\Foster\Desktop\runtime\jre-x64\1.8.0_25\bin\awt.dll
0x00007ffb463b0000 - 0x00007ffb46471000 	C:\Windows\system32\OLEAUT32.dll
0x00007ffb446d0000 - 0x00007ffb447f9000 	C:\Windows\system32\uxtheme.dll
0x00007ffb2e290000 - 0x00007ffb2e2b8000 	C:\Program Files (x86)\Raptr\ltc_help64-105773.dll
0x00007ffb45f30000 - 0x00007ffb45f81000 	C:\Windows\system32\WINTRUST.dll
0x00007ffb45b30000 - 0x00007ffb45d0f000 	C:\Windows\system32\CRYPT32.dll
0x00007ffb45b10000 - 0x00007ffb45b21000 	C:\Windows\system32\MSASN1.dll
0x00007ffb445b0000 - 0x00007ffb445d1000 	C:\Windows\system32\dwmapi.dll
0x00007ffb44850000 - 0x00007ffb4485b000 	C:\Windows\SYSTEM32\kernel.appcore.dll
0x00007ffb45930000 - 0x00007ffb4593b000 	C:\Windows\SYSTEM32\CRYPTBASE.dll
0x00007ffb458c0000 - 0x00007ffb45923000 	C:\Windows\SYSTEM32\bcryptPrimitives.dll
0x000000006d630000 - 0x000000006d677000 	C:\Users\Foster\Desktop\runtime\jre-x64\1.8.0_25\bin\fontmanager.dll
0x00007ffb2f1e0000 - 0x00007ffb2f401000 	C:\Windows\system32\d3d9.dll
0x00007ffb432b0000 - 0x00007ffb432ba000 	C:\Windows\SYSTEM32\VERSION.dll
0x00007ffb45a00000 - 0x00007ffb45a46000 	C:\Windows\SYSTEM32\POWRPROF.dll
0x000000006d5e0000 - 0x000000006d621000 	C:\Users\Foster\Desktop\runtime\jre-x64\1.8.0_25\bin\t2k.dll
0x0000000180000000 - 0x0000000180051000 	C:\Users\Foster\AppData\Roaming\.minecraft\versions\1.7.10-Forge10.13.4.1558-1.7.10\1.7.10-Forge10.13.4.1558-1.7.10-natives-2123981290192\lwjgl64.dll
0x00007ffb2f6b0000 - 0x00007ffb2f7db000 	C:\Windows\SYSTEM32\OPENGL32.dll
0x00007ffb3ae70000 - 0x00007ffb3ae9e000 	C:\Windows\SYSTEM32\GLU32.dll
0x00007ffb2e2c0000 - 0x00007ffb2e3b8000 	C:\Windows\SYSTEM32\DDRAW.dll
0x00007ffb389b0000 - 0x00007ffb389b9000 	C:\Windows\SYSTEM32\DCIMAN32.dll
0x00007ffb45330000 - 0x00007ffb45350000 	C:\Windows\SYSTEM32\CRYPTSP.dll
0x00007ffb44f50000 - 0x00007ffb44f86000 	C:\Windows\system32\rsaenh.dll
0x00007ffb45580000 - 0x00007ffb455a6000 	C:\Windows\SYSTEM32\bcrypt.dll
0x00007ffb40bd0000 - 0x00007ffb40be6000 	C:\Windows\SYSTEM32\dhcpcsvc6.DLL
0x00007ffb40bb0000 - 0x00007ffb40bca000 	C:\Windows\SYSTEM32\dhcpcsvc.DLL
0x00007ffb3ae50000 - 0x00007ffb3ae68000 	C:\Windows\SYSTEM32\atig6pxx.dll
0x0000000067b20000 - 0x00000000698c3000 	C:\Windows\SYSTEM32\atio6axx.dll
0x00007ffb46f20000 - 0x00007ffb470fa000 	C:\Windows\system32\SETUPAPI.dll
0x00007ffb2e5a0000 - 0x00007ffb2e6e8000 	C:\Windows\SYSTEM32\atiadlxx.dll
0x00007ffb41790000 - 0x00007ffb4190f000 	C:\Windows\SYSTEM32\PROPSYS.dll
0x00007ffb445e0000 - 0x00007ffb445f2000 	C:\Windows\SYSTEM32\WTSAPI32.dll
0x00007ffb30050000 - 0x00007ffb3007c000 	C:\Windows\SYSTEM32\atig6txx.dll
0x00007ffb2f610000 - 0x00007ffb2f6a2000 	C:\Windows\SYSTEM32\mscms.dll
0x00007ffb2f5c0000 - 0x00007ffb2f601000 	C:\Windows\SYSTEM32\icm32.dll
0x0000000070a40000 - 0x0000000070adc000 	C:\Users\Foster\AppData\Roaming\.minecraft\versions\1.7.10-Forge10.13.4.1558-1.7.10\1.7.10-Forge10.13.4.1558-1.7.10-natives-2123981290192\avutil-ttv-51.dll
0x0000000065980000 - 0x00000000659d6000 	C:\Users\Foster\AppData\Roaming\.minecraft\versions\1.7.10-Forge10.13.4.1558-1.7.10\1.7.10-Forge10.13.4.1558-1.7.10-natives-2123981290192\swresample-ttv-0.dll
0x000000006eb80000 - 0x000000006ec50000 	C:\Users\Foster\AppData\Roaming\.minecraft\versions\1.7.10-Forge10.13.4.1558-1.7.10\1.7.10-Forge10.13.4.1558-1.7.10-natives-2123981290192\libmp3lame-ttv.dll
0x00007ffb22500000 - 0x00007ffb238a4000 	C:\Users\Foster\AppData\Roaming\.minecraft\versions\1.7.10-Forge10.13.4.1558-1.7.10\1.7.10-Forge10.13.4.1558-1.7.10-natives-2123981290192\libmfxsw64.dll
0x00007ffb2def0000 - 0x00007ffb2e01b000 	C:\Users\Foster\AppData\Roaming\.minecraft\versions\1.7.10-Forge10.13.4.1558-1.7.10\1.7.10-Forge10.13.4.1558-1.7.10-natives-2123981290192\twitchsdk.dll
0x00007ffb3ecf0000 - 0x00007ffb3ef73000 	C:\Windows\SYSTEM32\WININET.dll
0x00007ffb3ef80000 - 0x00007ffb3f249000 	C:\Windows\SYSTEM32\iertutil.dll
0x00007ffb46f00000 - 0x00007ffb46f16000 	C:\Windows\system32\imagehlp.dll
0x00007ffb45550000 - 0x00007ffb45575000 	C:\Windows\system32\ncrypt.dll
0x00007ffb45510000 - 0x00007ffb45547000 	C:\Windows\system32\NTASN1.dll
0x00007ffb44bf0000 - 0x00007ffb44c14000 	C:\Windows\SYSTEM32\gpapi.dll
0x00007ffb3ac70000 - 0x00007ffb3aca9000 	C:\Windows\System32\cryptnet.dll
0x00007ffb45fe0000 - 0x00007ffb4603c000 	C:\Windows\system32\WLDAP32.dll
0x00007ffb2b5d0000 - 0x00007ffb2b818000 	C:\PROGRA~2\Raptr\ltc_game64-105773.dll
0x000000006d2a0000 - 0x000000006d2c4000 	C:\Users\Foster\Desktop\runtime\jre-x64\1.8.0_25\bin\sunec.dll
0x000000001d670000 - 0x000000001d6d4000 	C:\Users\Foster\AppData\Roaming\.minecraft\versions\1.7.10-Forge10.13.4.1558-1.7.10\1.7.10-Forge10.13.4.1558-1.7.10-natives-2123981290192\OpenAL64.dll
0x00007ffb46290000 - 0x00007ffb46346000 	C:\Windows\SYSTEM32\clbcatq.dll
0x00007ffb430f0000 - 0x00007ffb43160000 	C:\Windows\System32\MMDevApi.dll
0x00007ffb2f490000 - 0x00007ffb2f52d000 	C:\Windows\SYSTEM32\dsound.dll
0x00007ffb3db20000 - 0x00007ffb3db9e000 	C:\Windows\SYSTEM32\AUDIOSES.DLL
0x00007ffb3cfd0000 - 0x00007ffb3d159000 	C:\Windows\SYSTEM32\dbghelp.dll

VM Arguments:
jvm_args: -XX:HeapDumpPath=MojangTricksIntelDriversForPerformance_javaw.exe_minecraft.exe.heapdump -Xmx1G -XX:+UseConcMarkSweepGC -XX:+CMSIncrementalMode -XX:-UseAdaptiveSizePolicy -Xmn128M -Djava.library.path=C:\Users\Foster\AppData\Roaming\.minecraft\versions\1.7.10-Forge10.13.4.1558-1.7.10\1.7.10-Forge10.13.4.1558-1.7.10-natives-2123981290192 
java_command: net.minecraft.launchwrapper.Launch --username Da_Mini_Moose --version 1.7.10-Forge10.13.4.1558-1.7.10 --gameDir C:\Users\Foster\AppData\Roaming\.minecraft --assetsDir C:\Users\Foster\AppData\Roaming\.minecraft\assets --assetIndex 1.7.10 --uuid 253a3ba5c54740cdaa3e4fdecde6fcee --accessToken 0bdc210b869d4aad88ab02bc23ce3330 --userProperties {preferredLanguage:[en]} --userType legacy --tweakClass cpw.mods.fml.common.launcher.FMLTweaker --nativeLauncherVersion 301
java_class_path (initial): C:\Users\Foster\AppData\Roaming\.minecraft\libraries\net\minecraftforge\forge\1.7.10-10.13.4.1558-1.7.10\forge-1.7.10-10.13.4.1558-1.7.10.jar;C:\Users\Foster\AppData\Roaming\.minecraft\libraries\net\minecraft\launchwrapper\1.12\launchwrapper-1.12.jar;C:\Users\Foster\AppData\Roaming\.minecraft\libraries\org\ow2\asm\asm-all\5.0.3\asm-all-5.0.3.jar;C:\Users\Foster\AppData\Roaming\.minecraft\libraries\com\typesafe\akka\akka-actor_2.11\2.3.3\akka-actor_2.11-2.3.3.jar;C:\Users\Foster\AppData\Roaming\.minecraft\libraries\com\typesafe\config\1.2.1\config-1.2.1.jar;C:\Users\Foster\AppData\Roaming\.minecraft\libraries\org\scala-lang\scala-actors-migration_2.11\1.1.0\scala-actors-migration_2.11-1.1.0.jar;C:\Users\Foster\AppData\Roaming\.minecraft\libraries\org\scala-lang\scala-compiler\2.11.1\scala-compiler-2.11.1.jar;C:\Users\Foster\AppData\Roaming\.minecraft\libraries\org\scala-lang\plugins\scala-continuations-library_2.11\1.0.2\scala-continuations-library_2.11-1.0.2.jar;C:\Users\Foster\AppData\Roaming\.minecraft\libraries\org\scala-lang\plugins\scala-continuations-plugin_2.11.1\1.0.2\scala-continuations-plugin_2.11.1-1.0.2.jar;C:\Users\Foster\AppData\Roaming\.minecraft\libraries\org\scala-lang\scala-library\2.11.1\scala-library-2.11.1.jar;C:\Users\Foster\AppData\Roaming\.minecraft\libraries\org\scala-lang\scala-parser-combinators_2.11\1.0.1\scala-parser-combinators_2.11-1.0.1.jar;C:\Users\Foster\AppData\Roaming\.minecraft\libraries\org\scala-lang\scala-reflect\2.11.1\scala-reflect-2.11.1.jar;C:\Users\Foster\AppData\Roaming\.minecraft\libraries\org\scala-lang\scala-swing_2.11\1.0.1\scala-swing_2.11-1.0.1.jar;C:\Users\Foster\AppData\Roaming\.minecraft\libraries\org\scala-lang\scala-xml_2.11\1.0.2\scala-xml_2.11-1.0.2.jar;C:\Users\Foster\AppData\Roaming\.minecraft\libraries\lzma\lzma\0.0.1\lzma-0.0.1.jar;C:\Users\Foster\AppData\Roaming\.minecraft\libraries\net\sf\jopt-simple\jopt-simple\4.5\jopt-simple-4.5.jar;C:\Users\Foster\AppData\Roaming\.minec
Launcher Type: SUN_STANDARD

Environment Variables:
PATH=C:\Program Files (x86)\NVIDIA Corporation\PhysX\Common;C:\ProgramData\Oracle\Java\javapath;C:\Program Files (x86)\Intel\iCLS Client\;C:\Program Files\Intel\iCLS Client\;C:\Windows\system32;C:\Windows;C:\Windows\System32\Wbem;C:\Windows\System32\WindowsPowerShell\v1.0\;C:\Program Files (x86)\ATI Technologies\ATI.ACE\Core-Static;C:\Program Files\Intel\Intel(R) Management Engine Components\DAL;C:\Program Files (x86)\Intel\Intel(R) Management Engine Components\DAL;C:\Program Files\Intel\Intel(R) Management Engine Components\IPT;C:\Program Files (x86)\Intel\Intel(R) Management Engine Components\IPT;C:\Program Files (x86)\AMD\ATI.ACE\Core-Static;C:\Program Files\Git\cmd
USERNAME=Foster
OS=Windows_NT
PROCESSOR_IDENTIFIER=Intel64 Family 6 Model 60 Stepping 3, GenuineIntel



---------------  S Y S T E M  ---------------

OS: Windows 8.1 , 64 bit Build 9600 

CPU:total 8 (4 cores per cpu, 2 threads per core) family 6 model 60 stepping 3, cmov, cx8, fxsr, mmx, sse, sse2, sse3, ssse3, sse4.1, sse4.2, popcnt, avx, avx2, aes, clmul, erms, lzcnt, ht, tsc, tscinvbit, bmi1, bmi2

Memory: 4k page, physical 8336572k(1914316k free), swap 10846976k(2029176k free)

vm_info: Java HotSpot(TM) 64-Bit Server VM (25.25-b02) for windows-amd64 JRE (1.8.0_25-b18), built on Oct  7 2014 14:25:37 by "java_re" with MS VC++ 10.0 (VS2010)

time: Mon Apr 18 23:20:24 2016
elapsed time: 337 seconds (0d 0h 5m 37s)

