#
# A fatal error has been detected by the Java Runtime Environment:
#
#  EXCEPTION_ACCESS_VIOLATION (0xc0000005) at pc=0x00007ffb3174aea4, pid=10008, tid=9948
#
# JRE version: Java(TM) SE Runtime Environment (8.0_25-b18) (build 1.8.0_25-b18)
# Java VM: Java HotSpot(TM) 64-Bit Server VM (25.25-b02 mixed mode windows-amd64 compressed oops)
# Problematic frame:
# C  [OPENGL32.dll+0xeaea4]
#
# Failed to write core dump. Minidumps are not enabled by default on client versions of Windows
#
# If you would like to submit a bug report, please visit:
#   http://bugreport.sun.com/bugreport/crash.jsp
#

---------------  T H R E A D  ---------------

Current thread (0x0000000016f7b800):  VMThread [stack: 0x00000000177c0000,0x00000000178c0000] [id=9948]

siginfo: ExceptionCode=0xc0000005, reading address 0x0000000000000a38

Registers:
RAX=0x0000000000000000, RBX=0x0000000028f23b60, RCX=0x0000000000000001, RDX=0x0000000028f23b68
RSP=0x00000000178bf138, RBP=0x0000000000000000, RSI=0x0000000028f26760, RDI=0x0000000028f26760
R8 =0x00000000178bf1b8, R9 =0x0000000002bc5770, R10=0x00007ffb3174ae90, R11=0xffffffffffffffff
R12=0x0000000000000000, R13=0x000000002a2d8020, R14=0x000000002a2d7ed0, R15=0x0000000000000000
RIP=0x00007ffb3174aea4, EFLAGS=0x0000000000010287

Top of Stack: (sp=0x00000000178bf138)
0x00000000178bf138:   00007ffb2d4426cb 0000000000000001
0x00000000178bf148:   0000000028f23b68 00000000178bf1b8
0x00000000178bf158:   0000000002bc5770 0000000000000000
0x00000000178bf168:   00007ffb2d448197 000000001c3b0b00
0x00000000178bf178:   000000001bfba460 000000002a2d8000
0x00000000178bf188:   00007ffb2d447503 fffffffffffffffe
0x00000000178bf198:   00000000178bf200 0000000000000000
0x00000000178bf1a8:   00007ffb2d448a49 0000000028f26760
0x00000000178bf1b8:   000000002a2dcf00 00007ffb2d5317b0
0x00000000178bf1c8:   00007ffb2d4c5568 fffffffffffffffe
0x00000000178bf1d8:   000000002a2da520 0000000000000001
0x00000000178bf1e8:   000000002a2d7ff8 000000002a2d7ed0
0x00000000178bf1f8:   00007ffb2d4cd61d 00007ffb2d6065b0
0x00000000178bf208:   00007ffb2d5317a0 0000000002bc5770
0x00000000178bf218:   00007ffb48973d07 000000002a2d7ff8
0x00000000178bf228:   000000002a2d7ed0 000000002a2d7ed0 

Instructions: (pc=0x00007ffb3174aea4)
0x00007ffb3174ae84:   cc cc cc cc cc cc 66 0f 1f 44 00 00 8b 05 72 f1
0x00007ffb3174ae94:   00 00 83 f8 40 73 0f 65 48 8b 04 c5 80 14 00 00
0x00007ffb3174aea4:   ff a0 38 0a 00 00 b8 47 01 00 00 e9 ec d4 ff ff
0x00007ffb3174aeb4:   cc cc cc cc cc cc 66 0f 1f 44 00 00 8b 05 42 f1 


Register to memory mapping:

RAX=
[error occurred during error reporting (printing register info), id 0xc0000005]

Stack: [0x00000000177c0000,0x00000000178c0000],  sp=0x00000000178bf138,  free space=1020k
Native frames: (J=compiled Java code, j=interpreted, Vv=VM code, C=native code)

VM_Operation (0x0000000002ace690): Exit, mode: safepoint, requested by thread 0x0000000002ad4000


---------------  P R O C E S S  ---------------

Java Threads: ( => current thread )
  0x000000003092c800 JavaThread "AWT-Shutdown" [_thread_blocked, id=8368, stack(0x000000002ae20000,0x000000002af20000)]
  0x0000000030928000 JavaThread "Netty Client IO #2" daemon [_thread_in_native, id=7852, stack(0x000000004bf10000,0x000000004c010000)]
  0x000000003231c000 JavaThread "JM-texture-4" [_thread_blocked, id=8428, stack(0x000000004e120000,0x000000004e220000)]
  0x000000003231a800 JavaThread "JM-texture-3" [_thread_blocked, id=8488, stack(0x000000004d740000,0x000000004d840000)]
  0x000000003231d000 JavaThread "File IO Thread" [_thread_blocked, id=5768, stack(0x000000004cc10000,0x000000004cd10000)]
  0x0000000032317800 JavaThread "Netty Client IO #1" daemon [_thread_in_native, id=5100, stack(0x000000004b010000,0x000000004b110000)]
  0x000000002eec0000 JavaThread "Netty Client IO #0" daemon [_thread_in_native, id=9680, stack(0x000000004a120000,0x000000004a220000)]
  0x0000000018ef2800 JavaThread "Thread-20" daemon [_thread_in_native, id=2724, stack(0x0000000047200000,0x0000000047300000)]
  0x0000000018ef5000 JavaThread "Server Pinger #0" daemon [_thread_blocked, id=8012, stack(0x00000000468e0000,0x00000000469e0000)]
  0x0000000018ef6800 JavaThread "ic2-poolthread-2" daemon [_thread_blocked, id=9424, stack(0x0000000048f00000,0x0000000049000000)]
  0x000000002eec1800 JavaThread "ic2-poolthread-1" daemon [_thread_blocked, id=9080, stack(0x00000000276c0000,0x00000000277c0000)]
  0x000000002eec0800 JavaThread "Thread-10" [_thread_blocked, id=9608, stack(0x000000001b820000,0x000000001b920000)]
  0x00000000252b9800 JavaThread "LWJGL Timer" daemon [_thread_blocked, id=9280, stack(0x00000000272c0000,0x00000000273c0000)]
  0x00000000194ba000 JavaThread "Timer hack thread" daemon [_thread_blocked, id=8316, stack(0x000000001c5a0000,0x000000001c6a0000)]
  0x0000000018f8c800 JavaThread "Snooper Timer" daemon [_thread_blocked, id=8920, stack(0x000000001b710000,0x000000001b810000)]
  0x000000001913e000 JavaThread "Java2D Disposer" daemon [_thread_blocked, id=6936, stack(0x000000001b280000,0x000000001b380000)]
  0x0000000017b7b800 JavaThread "Service Thread" daemon [_thread_blocked, id=7412, stack(0x00000000185d0000,0x00000000186d0000)]
  0x0000000017af3000 JavaThread "C1 CompilerThread3" daemon [_thread_blocked, id=10124, stack(0x00000000184d0000,0x00000000185d0000)]
  0x0000000017ae9000 JavaThread "C2 CompilerThread2" daemon [_thread_blocked, id=10032, stack(0x00000000183d0000,0x00000000184d0000)]
  0x0000000017ae8800 JavaThread "C2 CompilerThread1" daemon [_thread_blocked, id=2476, stack(0x00000000182d0000,0x00000000183d0000)]
  0x0000000017ae4800 JavaThread "C2 CompilerThread0" daemon [_thread_blocked, id=1932, stack(0x00000000181d0000,0x00000000182d0000)]
  0x0000000017ae3000 JavaThread "Attach Listener" daemon [_thread_blocked, id=10148, stack(0x00000000180d0000,0x00000000181d0000)]
  0x0000000017ade800 JavaThread "Signal Dispatcher" daemon [_thread_blocked, id=10024, stack(0x0000000017fd0000,0x00000000180d0000)]
  0x0000000017add800 JavaThread "Surrogate Locker Thread (Concurrent GC)" daemon [_thread_blocked, id=9600, stack(0x0000000017ed0000,0x0000000017fd0000)]
  0x0000000016f88000 JavaThread "Finalizer" daemon [_thread_blocked, id=9984, stack(0x00000000179c0000,0x0000000017ac0000)]
  0x0000000016f81800 JavaThread "Reference Handler" daemon [_thread_blocked, id=9956, stack(0x00000000178c0000,0x00000000179c0000)]
  0x0000000002ad4000 JavaThread "Client thread" [_thread_blocked, id=7608, stack(0x00000000029d0000,0x0000000002ad0000)]

Other Threads:
=>0x0000000016f7b800 VMThread [stack: 0x00000000177c0000,0x00000000178c0000] [id=9948]

VM state:at safepoint (shutting down)

VM Mutex/Monitor currently owned by a thread:  ([mutex/lock_event])
[0x0000000002ad11d0] Threads_lock - owner thread: 0x0000000016f7b800

Heap:
 par new generation   total 118016K, used 47249K [0x00000000c0000000, 0x00000000c8000000, 0x00000000c8000000)
  eden space 104960K,  43% used [0x00000000c0000000, 0x00000000c2ce3598, 0x00000000c6680000)
  from space 13056K,   9% used [0x00000000c7340000, 0x00000000c7480e90, 0x00000000c8000000)
  to   space 13056K,   0% used [0x00000000c6680000, 0x00000000c6680000, 0x00000000c7340000)
 concurrent mark-sweep generation total 917504K, used 781891K [0x00000000c8000000, 0x0000000100000000, 0x0000000100000000)
 Metaspace       used 117903K, capacity 118447K, committed 119596K, reserved 1153024K
  class space    used 16542K, capacity 16659K, committed 16712K, reserved 1048576K

Card table byte_map: [0x0000000012790000,0x00000000129a0000] byte_map_base: 0x0000000012190000

Marking Bits: (CMSBitMap*) 0x0000000002b62ef8
 Bits: [0x0000000013410000, 0x0000000014210000)

Mod Union Table: (CMSBitMap*) 0x0000000002b62fb8
 Bits: [0x0000000001260000, 0x0000000001298000)

Polling page: 0x0000000001230000

CodeCache: size=245760Kb used=64627Kb max_used=64804Kb free=181132Kb
 bounds [0x0000000002bd0000, 0x0000000006b90000, 0x0000000011bd0000]
 total_blobs=16812 nmethods=15367 adapters=1352
 compilation: enabled

Compilation events (10 events):
Event: 1477.076 Thread 0x0000000017af3000 23414       3       org.lwjgl.opengl.GL11::glDeleteLists (20 bytes)
Event: 1477.076 Thread 0x0000000017af3000 nmethod 23414 0x0000000005eb6a10 code [0x0000000005eb6be0, 0x0000000005eb72d8]
Event: 1477.383 Thread 0x0000000017af3000 23416       3       java.util.logging.LogManager::checkPermission (17 bytes)
Event: 1477.384 Thread 0x0000000017af3000 nmethod 23416 0x0000000005fde910 code [0x0000000005fdea80, 0x0000000005fded48]
Event: 1477.384 Thread 0x0000000017af3000 23417       3       java.util.logging.Logger::updateEffectiveLevel (115 bytes)
Event: 1477.385 Thread 0x0000000017af3000 nmethod 23417 0x0000000004abfe10 code [0x0000000004abffe0, 0x0000000004ac08e8]
Event: 1477.385 Thread 0x0000000017af3000 23419       3       org.apache.logging.log4j.core.Logger$PrivateConfig::<init> (56 bytes)
Event: 1477.385 Thread 0x0000000017af3000 nmethod 23419 0x0000000005679c90 code [0x0000000005679e00, 0x000000000567a2e8]
Event: 1477.385 Thread 0x0000000017af3000 23418       3       java.util.logging.LogManager$LoggerContext::ensureInitialized (24 bytes)
Event: 1477.385 Thread 0x0000000017af3000 nmethod 23418 0x0000000006a181d0 code [0x0000000006a18380, 0x0000000006a18ba8]

GC Heap History (10 events):
Event: 1256.598 GC heap before
{Heap before GC invocations=4410 (full 60):
 par new generation   total 118016K, used 107532K [0x00000000c0000000, 0x00000000c8000000, 0x00000000c8000000)
  eden space 104960K, 100% used [0x00000000c0000000, 0x00000000c6680000, 0x00000000c6680000)
  from space 13056K,  19% used [0x00000000c6680000, 0x00000000c69033e0, 0x00000000c7340000)
  to   space 13056K,   0% used [0x00000000c7340000, 0x00000000c7340000, 0x00000000c8000000)
 concurrent mark-sweep generation total 917504K, used 781346K [0x00000000c8000000, 0x0000000100000000, 0x0000000100000000)
 Metaspace       used 117886K, capacity 118447K, committed 119596K, reserved 1153024K
  class space    used 16539K, capacity 16659K, committed 16712K, reserved 1048576K
Event: 1256.604 GC heap after
Heap after GC invocations=4411 (full 60):
 par new generation   total 118016K, used 1620K [0x00000000c0000000, 0x00000000c8000000, 0x00000000c8000000)
  eden space 104960K,   0% used [0x00000000c0000000, 0x00000000c0000000, 0x00000000c6680000)
  from space 13056K,  12% used [0x00000000c7340000, 0x00000000c74d5040, 0x00000000c8000000)
  to   space 13056K,   0% used [0x00000000c6680000, 0x00000000c6680000, 0x00000000c7340000)
 concurrent mark-sweep generation total 917504K, used 781346K [0x00000000c8000000, 0x0000000100000000, 0x0000000100000000)
 Metaspace       used 117886K, capacity 118447K, committed 119596K, reserved 1153024K
  class space    used 16539K, capacity 16659K, committed 16712K, reserved 1048576K
}
Event: 1300.016 GC heap before
{Heap before GC invocations=4411 (full 60):
 par new generation   total 118016K, used 106580K [0x00000000c0000000, 0x00000000c8000000, 0x00000000c8000000)
  eden space 104960K, 100% used [0x00000000c0000000, 0x00000000c6680000, 0x00000000c6680000)
  from space 13056K,  12% used [0x00000000c7340000, 0x00000000c74d5040, 0x00000000c8000000)
  to   space 13056K,   0% used [0x00000000c6680000, 0x00000000c6680000, 0x00000000c7340000)
 concurrent mark-sweep generation total 917504K, used 781346K [0x00000000c8000000, 0x0000000100000000, 0x0000000100000000)
 Metaspace       used 117886K, capacity 118447K, committed 119596K, reserved 1153024K
  class space    used 16539K, capacity 16659K, committed 16712K, reserved 1048576K
Event: 1300.023 GC heap after
Heap after GC invocations=4412 (full 60):
 par new generation   total 118016K, used 2076K [0x00000000c0000000, 0x00000000c8000000, 0x00000000c8000000)
  eden space 104960K,   0% used [0x00000000c0000000, 0x00000000c0000000, 0x00000000c6680000)
  from space 13056K,  15% used [0x00000000c6680000, 0x00000000c6887168, 0x00000000c7340000)
  to   space 13056K,   0% used [0x00000000c7340000, 0x00000000c7340000, 0x00000000c8000000)
 concurrent mark-sweep generation total 917504K, used 781370K [0x00000000c8000000, 0x0000000100000000, 0x0000000100000000)
 Metaspace       used 117886K, capacity 118447K, committed 119596K, reserved 1153024K
  class space    used 16539K, capacity 16659K, committed 16712K, reserved 1048576K
}
Event: 1340.395 GC heap before
{Heap before GC invocations=4412 (full 60):
 par new generation   total 118016K, used 106977K [0x00000000c0000000, 0x00000000c8000000, 0x00000000c8000000)
  eden space 104960K,  99% used [0x00000000c0000000, 0x00000000c6671330, 0x00000000c6680000)
  from space 13056K,  15% used [0x00000000c6680000, 0x00000000c6887168, 0x00000000c7340000)
  to   space 13056K,   0% used [0x00000000c7340000, 0x00000000c7340000, 0x00000000c8000000)
 concurrent mark-sweep generation total 917504K, used 781370K [0x00000000c8000000, 0x0000000100000000, 0x0000000100000000)
 Metaspace       used 117886K, capacity 118447K, committed 119596K, reserved 1153024K
  class space    used 16539K, capacity 16659K, committed 16712K, reserved 1048576K
Event: 1340.405 GC heap after
Heap after GC invocations=4413 (full 60):
 par new generation   total 118016K, used 1815K [0x00000000c0000000, 0x00000000c8000000, 0x00000000c8000000)
  eden space 104960K,   0% used [0x00000000c0000000, 0x00000000c0000000, 0x00000000c6680000)
  from space 13056K,  13% used [0x00000000c7340000, 0x00000000c7505d98, 0x00000000c8000000)
  to   space 13056K,   0% used [0x00000000c6680000, 0x00000000c6680000, 0x00000000c7340000)
 concurrent mark-sweep generation total 917504K, used 781891K [0x00000000c8000000, 0x0000000100000000, 0x0000000100000000)
 Metaspace       used 117886K, capacity 118447K, committed 119596K, reserved 1153024K
  class space    used 16539K, capacity 16659K, committed 16712K, reserved 1048576K
}
Event: 1388.781 GC heap before
{Heap before GC invocations=4413 (full 60):
 par new generation   total 118016K, used 106688K [0x00000000c0000000, 0x00000000c8000000, 0x00000000c8000000)
  eden space 104960K,  99% used [0x00000000c0000000, 0x00000000c666a538, 0x00000000c6680000)
  from space 13056K,  13% used [0x00000000c7340000, 0x00000000c7505d98, 0x00000000c8000000)
  to   space 13056K,   0% used [0x00000000c6680000, 0x00000000c6680000, 0x00000000c7340000)
 concurrent mark-sweep generation total 917504K, used 781891K [0x00000000c8000000, 0x0000000100000000, 0x0000000100000000)
 Metaspace       used 117886K, capacity 118447K, committed 119596K, reserved 1153024K
  class space    used 16539K, capacity 16659K, committed 16712K, reserved 1048576K
Event: 1388.789 GC heap after
Heap after GC invocations=4414 (full 60):
 par new generation   total 118016K, used 1961K [0x00000000c0000000, 0x00000000c8000000, 0x00000000c8000000)
  eden space 104960K,   0% used [0x00000000c0000000, 0x00000000c0000000, 0x00000000c6680000)
  from space 13056K,  15% used [0x00000000c6680000, 0x00000000c686a4e0, 0x00000000c7340000)
  to   space 13056K,   0% used [0x00000000c7340000, 0x00000000c7340000, 0x00000000c8000000)
 concurrent mark-sweep generation total 917504K, used 781891K [0x00000000c8000000, 0x0000000100000000, 0x0000000100000000)
 Metaspace       used 117886K, capacity 118447K, committed 119596K, reserved 1153024K
  class space    used 16539K, capacity 16659K, committed 16712K, reserved 1048576K
}
Event: 1463.273 GC heap before
{Heap before GC invocations=4414 (full 60):
 par new generation   total 118016K, used 106921K [0x00000000c0000000, 0x00000000c8000000, 0x00000000c8000000)
  eden space 104960K, 100% used [0x00000000c0000000, 0x00000000c6680000, 0x00000000c6680000)
  from space 13056K,  15% used [0x00000000c6680000, 0x00000000c686a4e0, 0x00000000c7340000)
  to   space 13056K,   0% used [0x00000000c7340000, 0x00000000c7340000, 0x00000000c8000000)
 concurrent mark-sweep generation total 917504K, used 781891K [0x00000000c8000000, 0x0000000100000000, 0x0000000100000000)
 Metaspace       used 117886K, capacity 118447K, committed 119596K, reserved 1153024K
  class space    used 16539K, capacity 16659K, committed 16712K, reserved 1048576K
Event: 1463.276 GC heap after
Heap after GC invocations=4415 (full 60):
 par new generation   total 118016K, used 1283K [0x00000000c0000000, 0x00000000c8000000, 0x00000000c8000000)
  eden space 104960K,   0% used [0x00000000c0000000, 0x00000000c0000000, 0x00000000c6680000)
  from space 13056K,   9% used [0x00000000c7340000, 0x00000000c7480e90, 0x00000000c8000000)
  to   space 13056K,   0% used [0x00000000c6680000, 0x00000000c6680000, 0x00000000c7340000)
 concurrent mark-sweep generation total 917504K, used 781891K [0x00000000c8000000, 0x0000000100000000, 0x0000000100000000)
 Metaspace       used 117886K, capacity 118447K, committed 119596K, reserved 1153024K
  class space    used 16539K, capacity 16659K, committed 16712K, reserved 1048576K
}

Deoptimization events (10 events):
Event: 984.993 Thread 0x0000000030928000 Uncommon trap: reason=class_check action=maybe_recompile pc=0x0000000005e8c2ec method=io.netty.util.concurrent.DefaultPromise.notifyListener0(Lio/netty/util/concurrent/Future;Lio/netty/util/concurrent/GenericFutureListener;)V @ 2
Event: 984.993 Thread 0x0000000030928000 Uncommon trap: reason=class_check action=maybe_recompile pc=0x0000000005e8c2ec method=io.netty.util.concurrent.DefaultPromise.notifyListener0(Lio/netty/util/concurrent/Future;Lio/netty/util/concurrent/GenericFutureListener;)V @ 2
Event: 984.993 Thread 0x0000000030928000 Uncommon trap: reason=unreached action=reinterpret pc=0x0000000004f12b64 method=io.netty.util.concurrent.DefaultPromise.isSuccess()Z @ 22
Event: 986.389 Thread 0x0000000002ad4000 Uncommon trap: reason=class_check action=maybe_recompile pc=0x0000000006246030 method=net.minecraft.client.gui.GuiScreen.func_146274_d()V @ 146
Event: 995.457 Thread 0x0000000002ad4000 Uncommon trap: reason=class_check action=maybe_recompile pc=0x0000000003d8c754 method=net.minecraft.client.gui.GuiScreen.drawHoveringText(Ljava/util/List;IILnet/minecraft/client/gui/FontRenderer;)V @ 224
Event: 1036.157 Thread 0x0000000002ad4000 Uncommon trap: reason=null_check action=make_not_entrant pc=0x00000000060de4a8 method=java.lang.Class.reflectionData()Ljava/lang/Class$ReflectionData; @ 24
Event: 1036.157 Thread 0x0000000002ad4000 Uncommon trap: reason=class_check action=maybe_recompile pc=0x000000000624601c method=net.minecraft.client.gui.GuiScreen.func_146274_d()V @ 188
Event: 1036.157 Thread 0x0000000002ad4000 Uncommon trap: reason=class_check action=maybe_recompile pc=0x0000000006246030 method=net.minecraft.client.gui.GuiScreen.func_146274_d()V @ 146
Event: 1232.744 Thread 0x0000000018ef8800 Uncommon trap: reason=unreached action=reinterpret pc=0x0000000004a397dc method=paulscode.sound.Source.stream()Z @ 83
Event: 1477.094 Thread 0x0000000018ef8800 Uncommon trap: reason=unreached action=reinterpret pc=0x0000000005f0afe4 method=paulscode.sound.StreamThread.run()V @ 100

Internal exceptions (10 events):
Event: 1463.268 Thread 0x0000000018ef8800 Exception <a 'java/lang/InterruptedException': sleep interrupted> (0x00000000c60ca360) thrown at [D:\re\workspace\8-2-build-windows-amd64-cygwin\jdk8u25\1677\hotspot\src\share\vm\prims\jvm.cpp, line 3141]
Event: 1477.080 Thread 0x0000000018ef8000 Exception <a 'java/lang/InterruptedException': sleep interrupted> (0x00000000c289de30) thrown at [D:\re\workspace\8-2-build-windows-amd64-cygwin\jdk8u25\1677\hotspot\src\share\vm\prims\jvm.cpp, line 3141]
Event: 1477.080 Thread 0x0000000018ef8000 Exception <a 'java/lang/InterruptedException': sleep interrupted> (0x00000000c289e058) thrown at [D:\re\workspace\8-2-build-windows-amd64-cygwin\jdk8u25\1677\hotspot\src\share\vm\prims\jvm.cpp, line 3141]
Event: 1477.180 Thread 0x0000000018ef8800 Exception <a 'java/lang/InterruptedException': sleep interrupted> (0x00000000c276fb00) thrown at [D:\re\workspace\8-2-build-windows-amd64-cygwin\jdk8u25\1677\hotspot\src\share\vm\prims\jvm.cpp, line 3141]
Event: 1477.377 Thread 0x0000000002ad4000 Exception <a 'java/security/PrivilegedActionException'> (0x00000000c28a2728) thrown at [D:\re\workspace\8-2-build-windows-amd64-cygwin\jdk8u25\1677\hotspot\src\share\vm\prims\jvm.cpp, line 1312]
Event: 1477.383 Thread 0x0000000030924000 Exception <a 'java/security/PrivilegedActionException'> (0x00000000c28b7820) thrown at [D:\re\workspace\8-2-build-windows-amd64-cygwin\jdk8u25\1677\hotspot\src\share\vm\prims\jvm.cpp, line 1312]
Event: 1477.384 Thread 0x000000003092e000 Exception <a 'java/security/PrivilegedActionException'> (0x00000000c29f3288) thrown at [D:\re\workspace\8-2-build-windows-amd64-cygwin\jdk8u25\1677\hotspot\src\share\vm\prims\jvm.cpp, line 1312]
Event: 1477.384 Thread 0x000000003092e000 Exception <a 'java/security/PrivilegedActionException'> (0x00000000c29f6758) thrown at [D:\re\workspace\8-2-build-windows-amd64-cygwin\jdk8u25\1677\hotspot\src\share\vm\prims\jvm.cpp, line 1312]
Event: 1477.384 Thread 0x0000000030924000 Exception <a 'java/security/PrivilegedActionException'> (0x00000000c28cd088) thrown at [D:\re\workspace\8-2-build-windows-amd64-cygwin\jdk8u25\1677\hotspot\src\share\vm\prims\jvm.cpp, line 1312]
Event: 1477.384 Thread 0x0000000030924000 Exception <a 'java/security/PrivilegedActionException'> (0x00000000c28d0558) thrown at [D:\re\workspace\8-2-build-windows-amd64-cygwin\jdk8u25\1677\hotspot\src\share\vm\prims\jvm.cpp, line 1312]

Events (10 events):
Event: 1477.384 loading class javax/servlet/ServletContext done
Event: 1477.384 loading class sun/java2d/pipe/hw/AccelDeviceEventNotifier
Event: 1477.384 Thread 0x0000000030928800 Thread exited: 0x0000000030928800
Event: 1477.384 loading class sun/java2d/pipe/hw/AccelDeviceEventNotifier done
Event: 1477.385 Thread 0x000000003092e000 Thread exited: 0x000000003092e000
Event: 1477.385 Thread 0x0000000030924000 Thread exited: 0x0000000030924000
Event: 1477.385 Thread 0x000000003092d000 Thread exited: 0x000000003092d000
Event: 1477.420 Thread 0x000000001913f800 Thread exited: 0x000000001913f800
Event: 1477.484 Thread 0x0000000030929800 Thread exited: 0x0000000030929800
Event: 1477.485 Executing VM operation: Exit


Dynamic libraries:
0x00007ff66c280000 - 0x00007ff66c2b4000 	C:\Users\Foster\Desktop\runtime\jre-x64\1.8.0_25\bin\javaw.exe
0x00007ffb48910000 - 0x00007ffb48abd000 	C:\Windows\SYSTEM32\ntdll.dll
0x00007ffb46c60000 - 0x00007ffb46d9e000 	C:\Windows\system32\KERNEL32.DLL
0x00007ffb45d60000 - 0x00007ffb45e75000 	C:\Windows\system32\KERNELBASE.dll
0x00007ffb44600000 - 0x00007ffb4468e000 	C:\Windows\system32\apphelp.dll
0x00007ffb3b6c0000 - 0x00007ffb3b713000 	C:\Windows\AppPatch\AppPatch64\AcGenral.DLL
0x00007ffb46840000 - 0x00007ffb468ea000 	C:\Windows\system32\msvcrt.dll
0x00007ffb45890000 - 0x00007ffb458be000 	C:\Windows\SYSTEM32\SspiCli.dll
0x00007ffb46350000 - 0x00007ffb463a4000 	C:\Windows\system32\SHLWAPI.dll
0x00007ffb48790000 - 0x00007ffb48907000 	C:\Windows\system32\USER32.dll
0x00007ffb46040000 - 0x00007ffb461d4000 	C:\Windows\system32\ole32.dll
0x00007ffb47250000 - 0x00007ffb4877a000 	C:\Windows\system32\SHELL32.dll
0x00007ffb45060000 - 0x00007ffb45081000 	C:\Windows\SYSTEM32\USERENV.dll
0x00007ffb461e0000 - 0x00007ffb4628a000 	C:\Windows\system32\ADVAPI32.dll
0x00007ffb389c0000 - 0x00007ffb389de000 	C:\Windows\SYSTEM32\MPR.dll
0x00007ffb47100000 - 0x00007ffb47241000 	C:\Windows\system32\RPCRT4.dll
0x00007ffb465a0000 - 0x00007ffb465f9000 	C:\Windows\SYSTEM32\sechost.dll
0x00007ffb46610000 - 0x00007ffb46821000 	C:\Windows\SYSTEM32\combase.dll
0x00007ffb46960000 - 0x00007ffb46ab0000 	C:\Windows\system32\GDI32.dll
0x00007ffb45a60000 - 0x00007ffb45a75000 	C:\Windows\SYSTEM32\profapi.dll
0x00007ffb43f80000 - 0x00007ffb44032000 	C:\Windows\SYSTEM32\SHCORE.dll
0x00007ffb45f90000 - 0x00007ffb45fc6000 	C:\Windows\system32\IMM32.DLL
0x00007ffb46da0000 - 0x00007ffb46ef2000 	C:\Windows\system32\MSCTF.dll
0x00007ffb436a0000 - 0x00007ffb4391b000 	C:\Windows\WinSxS\amd64_microsoft.windows.common-controls_6595b64144ccf1df_6.0.9600.18006_none_623f33d3ecbe86e8\COMCTL32.dll
0x000000006d730000 - 0x000000006d802000 	C:\Users\Foster\Desktop\runtime\jre-x64\1.8.0_25\bin\msvcr100.dll
0x000000006b7a0000 - 0x000000006bffa000 	C:\Users\Foster\Desktop\runtime\jre-x64\1.8.0_25\bin\server\jvm.dll
0x00007ffb3ec80000 - 0x00007ffb3ec89000 	C:\Windows\SYSTEM32\WSOCK32.dll
0x00007ffb43280000 - 0x00007ffb432a2000 	C:\Windows\SYSTEM32\WINMM.dll
0x00007ffb46600000 - 0x00007ffb46607000 	C:\Windows\system32\PSAPI.DLL
0x00007ffb46540000 - 0x00007ffb4659a000 	C:\Windows\system32\WS2_32.dll
0x00007ffb43210000 - 0x00007ffb4323a000 	C:\Windows\SYSTEM32\WINMMBASE.dll
0x00007ffb46830000 - 0x00007ffb46839000 	C:\Windows\system32\NSI.dll
0x00007ffb45d10000 - 0x00007ffb45d5f000 	C:\Windows\SYSTEM32\cfgmgr32.dll
0x00007ffb44880000 - 0x00007ffb448a8000 	C:\Windows\SYSTEM32\DEVOBJ.dll
0x000000006d720000 - 0x000000006d72f000 	C:\Users\Foster\Desktop\runtime\jre-x64\1.8.0_25\bin\verify.dll
0x000000006d6f0000 - 0x000000006d718000 	C:\Users\Foster\Desktop\runtime\jre-x64\1.8.0_25\bin\java.dll
0x000000006d6d0000 - 0x000000006d6e6000 	C:\Users\Foster\Desktop\runtime\jre-x64\1.8.0_25\bin\zip.dll
0x000000006d6c0000 - 0x000000006d6cd000 	C:\Users\Foster\Desktop\runtime\jre-x64\1.8.0_25\bin\management.dll
0x000000006d6a0000 - 0x000000006d6ba000 	C:\Users\Foster\Desktop\runtime\jre-x64\1.8.0_25\bin\net.dll
0x00007ffb452d0000 - 0x00007ffb45329000 	C:\Windows\system32\mswsock.dll
0x000000006d680000 - 0x000000006d691000 	C:\Users\Foster\Desktop\runtime\jre-x64\1.8.0_25\bin\nio.dll
0x00007ffb3c310000 - 0x00007ffb3c325000 	C:\Windows\system32\napinsp.dll
0x00007ffb3c2f0000 - 0x00007ffb3c30a000 	C:\Windows\system32\pnrpnsp.dll
0x00007ffb42330000 - 0x00007ffb4234b000 	C:\Windows\system32\NLAapi.dll
0x00007ffb450d0000 - 0x00007ffb45174000 	C:\Windows\SYSTEM32\DNSAPI.dll
0x00007ffb3c2e0000 - 0x00007ffb3c2ed000 	C:\Windows\System32\winrnr.dll
0x00007ffb3c3a0000 - 0x00007ffb3c3aa000 	C:\Windows\System32\rasadhlp.dll
0x00007ffb40dc0000 - 0x00007ffb40dea000 	C:\Windows\SYSTEM32\IPHLPAPI.DLL
0x00007ffb40da0000 - 0x00007ffb40daa000 	C:\Windows\SYSTEM32\WINNSI.DLL
0x00007ffb40c60000 - 0x00007ffb40ccb000 	C:\Windows\System32\fwpuclnt.dll
0x000000006b600000 - 0x000000006b798000 	C:\Users\Foster\Desktop\runtime\jre-x64\1.8.0_25\bin\awt.dll
0x00007ffb463b0000 - 0x00007ffb46471000 	C:\Windows\system32\OLEAUT32.dll
0x00007ffb446d0000 - 0x00007ffb447f9000 	C:\Windows\system32\uxtheme.dll
0x00007ffb2e290000 - 0x00007ffb2e2b8000 	C:\Program Files (x86)\Raptr\ltc_help64-105773.dll
0x00007ffb45f30000 - 0x00007ffb45f81000 	C:\Windows\system32\WINTRUST.dll
0x00007ffb45b30000 - 0x00007ffb45d0f000 	C:\Windows\system32\CRYPT32.dll
0x00007ffb45b10000 - 0x00007ffb45b21000 	C:\Windows\system32\MSASN1.dll
0x00007ffb445b0000 - 0x00007ffb445d1000 	C:\Windows\system32\dwmapi.dll
0x00007ffb44850000 - 0x00007ffb4485b000 	C:\Windows\SYSTEM32\kernel.appcore.dll
0x00007ffb45930000 - 0x00007ffb4593b000 	C:\Windows\SYSTEM32\CRYPTBASE.dll
0x00007ffb458c0000 - 0x00007ffb45923000 	C:\Windows\SYSTEM32\bcryptPrimitives.dll
0x000000006d630000 - 0x000000006d677000 	C:\Users\Foster\Desktop\runtime\jre-x64\1.8.0_25\bin\fontmanager.dll
0x00007ffb2f1e0000 - 0x00007ffb2f401000 	C:\Windows\system32\d3d9.dll
0x00007ffb432b0000 - 0x00007ffb432ba000 	C:\Windows\SYSTEM32\VERSION.dll
0x00007ffb45a00000 - 0x00007ffb45a46000 	C:\Windows\SYSTEM32\POWRPROF.dll
0x000000006d5e0000 - 0x000000006d621000 	C:\Users\Foster\Desktop\runtime\jre-x64\1.8.0_25\bin\t2k.dll
0x000000006d280000 - 0x000000006d297000 	C:\Users\Foster\Desktop\runtime\jre-x64\1.8.0_25\bin\unpack.dll
0x0000000180000000 - 0x0000000180051000 	C:\Users\Foster\AppData\Roaming\.minecraft\versions\1.7.10-Forge10.13.4.1558-1.7.10\1.7.10-Forge10.13.4.1558-1.7.10-natives-128468507831316\lwjgl64.dll
0x00007ffb31660000 - 0x00007ffb3178b000 	C:\Windows\SYSTEM32\OPENGL32.dll
0x00007ffb3b600000 - 0x00007ffb3b62e000 	C:\Windows\SYSTEM32\GLU32.dll
0x00007ffb2e2c0000 - 0x00007ffb2e3b8000 	C:\Windows\SYSTEM32\DDRAW.dll
0x00007ffb389b0000 - 0x00007ffb389b9000 	C:\Windows\SYSTEM32\DCIMAN32.dll
0x00007ffb45330000 - 0x00007ffb45350000 	C:\Windows\SYSTEM32\CRYPTSP.dll
0x00007ffb44f50000 - 0x00007ffb44f86000 	C:\Windows\system32\rsaenh.dll
0x00007ffb45580000 - 0x00007ffb455a6000 	C:\Windows\SYSTEM32\bcrypt.dll
0x00007ffb40bd0000 - 0x00007ffb40be6000 	C:\Windows\SYSTEM32\dhcpcsvc6.DLL
0x00007ffb40bb0000 - 0x00007ffb40bca000 	C:\Windows\SYSTEM32\dhcpcsvc.DLL
0x00007ffb3b980000 - 0x00007ffb3b998000 	C:\Windows\SYSTEM32\atig6pxx.dll
0x0000000067b20000 - 0x00000000698c3000 	C:\Windows\SYSTEM32\atio6axx.dll
0x00007ffb46f20000 - 0x00007ffb470fa000 	C:\Windows\system32\SETUPAPI.dll
0x00007ffb2e5a0000 - 0x00007ffb2e6e8000 	C:\Windows\SYSTEM32\atiadlxx.dll
0x00007ffb41790000 - 0x00007ffb4190f000 	C:\Windows\SYSTEM32\PROPSYS.dll
0x00007ffb445e0000 - 0x00007ffb445f2000 	C:\Windows\SYSTEM32\WTSAPI32.dll
0x00007ffb3b5d0000 - 0x00007ffb3b5fc000 	C:\Windows\SYSTEM32\atig6txx.dll
0x00007ffb39a80000 - 0x00007ffb39b12000 	C:\Windows\SYSTEM32\mscms.dll
0x00007ffb3b580000 - 0x00007ffb3b5c1000 	C:\Windows\SYSTEM32\icm32.dll
0x0000000070a40000 - 0x0000000070adc000 	C:\Users\Foster\AppData\Roaming\.minecraft\versions\1.7.10-Forge10.13.4.1558-1.7.10\1.7.10-Forge10.13.4.1558-1.7.10-natives-128468507831316\avutil-ttv-51.dll
0x0000000065980000 - 0x00000000659d6000 	C:\Users\Foster\AppData\Roaming\.minecraft\versions\1.7.10-Forge10.13.4.1558-1.7.10\1.7.10-Forge10.13.4.1558-1.7.10-natives-128468507831316\swresample-ttv-0.dll
0x000000006eb80000 - 0x000000006ec50000 	C:\Users\Foster\AppData\Roaming\.minecraft\versions\1.7.10-Forge10.13.4.1558-1.7.10\1.7.10-Forge10.13.4.1558-1.7.10-natives-128468507831316\libmp3lame-ttv.dll
0x00007ffb23e70000 - 0x00007ffb25214000 	C:\Users\Foster\AppData\Roaming\.minecraft\versions\1.7.10-Forge10.13.4.1558-1.7.10\1.7.10-Forge10.13.4.1558-1.7.10-natives-128468507831316\libmfxsw64.dll
0x00007ffb2f6b0000 - 0x00007ffb2f7db000 	C:\Users\Foster\AppData\Roaming\.minecraft\versions\1.7.10-Forge10.13.4.1558-1.7.10\1.7.10-Forge10.13.4.1558-1.7.10-natives-128468507831316\twitchsdk.dll
0x00007ffb3ecf0000 - 0x00007ffb3ef73000 	C:\Windows\SYSTEM32\WININET.dll
0x00007ffb3ef80000 - 0x00007ffb3f249000 	C:\Windows\SYSTEM32\iertutil.dll
0x00007ffb46f00000 - 0x00007ffb46f16000 	C:\Windows\system32\imagehlp.dll
0x00007ffb45550000 - 0x00007ffb45575000 	C:\Windows\system32\ncrypt.dll
0x00007ffb45510000 - 0x00007ffb45547000 	C:\Windows\system32\NTASN1.dll
0x00007ffb44bf0000 - 0x00007ffb44c14000 	C:\Windows\SYSTEM32\gpapi.dll
0x00007ffb3ac70000 - 0x00007ffb3aca9000 	C:\Windows\System32\cryptnet.dll
0x00007ffb45fe0000 - 0x00007ffb4603c000 	C:\Windows\system32\WLDAP32.dll
0x00007ffb2d3e0000 - 0x00007ffb2d628000 	C:\PROGRA~2\Raptr\ltc_game64-105773.dll
0x000000006d2a0000 - 0x000000006d2c4000 	C:\Users\Foster\Desktop\runtime\jre-x64\1.8.0_25\bin\sunec.dll
0x000000001bf80000 - 0x000000001bfe4000 	C:\Users\Foster\AppData\Roaming\.minecraft\versions\1.7.10-Forge10.13.4.1558-1.7.10\1.7.10-Forge10.13.4.1558-1.7.10-natives-128468507831316\OpenAL64.dll
0x00007ffb46290000 - 0x00007ffb46346000 	C:\Windows\SYSTEM32\clbcatq.dll
0x00007ffb430f0000 - 0x00007ffb43160000 	C:\Windows\System32\MMDevApi.dll
0x00007ffb2f490000 - 0x00007ffb2f52d000 	C:\Windows\SYSTEM32\dsound.dll
0x00007ffb3db20000 - 0x00007ffb3db9e000 	C:\Windows\SYSTEM32\AUDIOSES.DLL
0x00007ffb3cfd0000 - 0x00007ffb3d159000 	C:\Windows\SYSTEM32\dbghelp.dll

VM Arguments:
jvm_args: -XX:HeapDumpPath=MojangTricksIntelDriversForPerformance_javaw.exe_minecraft.exe.heapdump -Xmx1G -XX:+UseConcMarkSweepGC -XX:+CMSIncrementalMode -XX:-UseAdaptiveSizePolicy -Xmn128M -Djava.library.path=C:\Users\Foster\AppData\Roaming\.minecraft\versions\1.7.10-Forge10.13.4.1558-1.7.10\1.7.10-Forge10.13.4.1558-1.7.10-natives-128468507831316 
java_command: net.minecraft.launchwrapper.Launch --username Da_Mini_Moose --version 1.7.10-Forge10.13.4.1558-1.7.10 --gameDir C:\Users\Foster\AppData\Roaming\.minecraft --assetsDir C:\Users\Foster\AppData\Roaming\.minecraft\assets --assetIndex 1.7.10 --uuid 253a3ba5c54740cdaa3e4fdecde6fcee --accessToken 5d786e58e0a5430f976e271d4ac1b838 --userProperties {preferredLanguage:[en]} --userType legacy --tweakClass cpw.mods.fml.common.launcher.FMLTweaker --nativeLauncherVersion 301
java_class_path (initial): C:\Users\Foster\AppData\Roaming\.minecraft\libraries\net\minecraftforge\forge\1.7.10-10.13.4.1558-1.7.10\forge-1.7.10-10.13.4.1558-1.7.10.jar;C:\Users\Foster\AppData\Roaming\.minecraft\libraries\net\minecraft\launchwrapper\1.12\launchwrapper-1.12.jar;C:\Users\Foster\AppData\Roaming\.minecraft\libraries\org\ow2\asm\asm-all\5.0.3\asm-all-5.0.3.jar;C:\Users\Foster\AppData\Roaming\.minecraft\libraries\com\typesafe\akka\akka-actor_2.11\2.3.3\akka-actor_2.11-2.3.3.jar;C:\Users\Foster\AppData\Roaming\.minecraft\libraries\com\typesafe\config\1.2.1\config-1.2.1.jar;C:\Users\Foster\AppData\Roaming\.minecraft\libraries\org\scala-lang\scala-actors-migration_2.11\1.1.0\scala-actors-migration_2.11-1.1.0.jar;C:\Users\Foster\AppData\Roaming\.minecraft\libraries\org\scala-lang\scala-compiler\2.11.1\scala-compiler-2.11.1.jar;C:\Users\Foster\AppData\Roaming\.minecraft\libraries\org\scala-lang\plugins\scala-continuations-library_2.11\1.0.2\scala-continuations-library_2.11-1.0.2.jar;C:\Users\Foster\AppData\Roaming\.minecraft\libraries\org\scala-lang\plugins\scala-continuations-plugin_2.11.1\1.0.2\scala-continuations-plugin_2.11.1-1.0.2.jar;C:\Users\Foster\AppData\Roaming\.minecraft\libraries\org\scala-lang\scala-library\2.11.1\scala-library-2.11.1.jar;C:\Users\Foster\AppData\Roaming\.minecraft\libraries\org\scala-lang\scala-parser-combinators_2.11\1.0.1\scala-parser-combinators_2.11-1.0.1.jar;C:\Users\Foster\AppData\Roaming\.minecraft\libraries\org\scala-lang\scala-reflect\2.11.1\scala-reflect-2.11.1.jar;C:\Users\Foster\AppData\Roaming\.minecraft\libraries\org\scala-lang\scala-swing_2.11\1.0.1\scala-swing_2.11-1.0.1.jar;C:\Users\Foster\AppData\Roaming\.minecraft\libraries\org\scala-lang\scala-xml_2.11\1.0.2\scala-xml_2.11-1.0.2.jar;C:\Users\Foster\AppData\Roaming\.minecraft\libraries\lzma\lzma\0.0.1\lzma-0.0.1.jar;C:\Users\Foster\AppData\Roaming\.minecraft\libraries\net\sf\jopt-simple\jopt-simple\4.5\jopt-simple-4.5.jar;C:\Users\Foster\AppData\Roaming\.minec
Launcher Type: SUN_STANDARD

Environment Variables:
PATH=C:\Program Files (x86)\NVIDIA Corporation\PhysX\Common;C:\ProgramData\Oracle\Java\javapath;C:\Program Files (x86)\Intel\iCLS Client\;C:\Program Files\Intel\iCLS Client\;C:\Windows\system32;C:\Windows;C:\Windows\System32\Wbem;C:\Windows\System32\WindowsPowerShell\v1.0\;C:\Program Files (x86)\ATI Technologies\ATI.ACE\Core-Static;C:\Program Files\Intel\Intel(R) Management Engine Components\DAL;C:\Program Files (x86)\Intel\Intel(R) Management Engine Components\DAL;C:\Program Files\Intel\Intel(R) Management Engine Components\IPT;C:\Program Files (x86)\Intel\Intel(R) Management Engine Components\IPT;C:\Program Files (x86)\AMD\ATI.ACE\Core-Static;C:\Program Files\Git\cmd
USERNAME=Foster
OS=Windows_NT
PROCESSOR_IDENTIFIER=Intel64 Family 6 Model 60 Stepping 3, GenuineIntel



---------------  S Y S T E M  ---------------

OS: Windows 8.1 , 64 bit Build 9600 

CPU:total 8 (4 cores per cpu, 2 threads per core) family 6 model 60 stepping 3, cmov, cx8, fxsr, mmx, sse, sse2, sse3, ssse3, sse4.1, sse4.2, popcnt, avx, avx2, aes, clmul, erms, lzcnt, ht, tsc, tscinvbit, bmi1, bmi2

Memory: 4k page, physical 8336572k(1860632k free), swap 14222248k(2632528k free)

vm_info: Java HotSpot(TM) 64-Bit Server VM (25.25-b02) for windows-amd64 JRE (1.8.0_25-b18), built on Oct  7 2014 14:25:37 by "java_re" with MS VC++ 10.0 (VS2010)

time: Wed Apr 20 10:45:08 2016
elapsed time: 1477 seconds (0d 0h 24m 37s)

